2022-04-07T02:55:34+00:00 CRITICAL Uncaught Error: Using $this when not in object context in C:\wamp64\www\test-woocomerce-plugin\wp-content\plugins\woocommerce-bill24-payment-gateway\checkout\checkout_confirm.php:96
Stack trace:
#0 {main}
  thrown in C:\wamp64\www\test-woocomerce-plugin\wp-content\plugins\woocommerce-bill24-payment-gateway\checkout\checkout_confirm.php on line 96

2022-04-07T03:14:18+00:00 CRITICAL Cannot declare class WC_bill24_Gateway, because the name is already in use in C:\wamp64\www\test-woocomerce-plugin\wp-content\plugins\woocommerce-bill24-payment-gateway\checkout\checkout_confirm.php on line 96

2022-04-07T10:21:25+00:00 CRITICAL Uncaught Error: Call to a member function get_items() on bool in C:\wamp64\www\test-woocomerce-plugin\wp-content\plugins\woocommerce-bill24-payment-gateway\checkout\checkout_confirm.php:18
Stack trace:
#0 C:\wamp64\www\test-woocomerce-plugin\wp-content\plugins\woocommerce-bill24-payment-gateway\checkout\checkout_confirm.php(185): CheckoutConfirm->updateStatus(NULL)
#1 {main}
  thrown in C:\wamp64\www\test-woocomerce-plugin\wp-content\plugins\woocommerce-bill24-payment-gateway\checkout\checkout_confirm.php on line 18

2022-04-07T10:21:27+00:00 CRITICAL Uncaught Error: Call to a member function get_items() on bool in C:\wamp64\www\test-woocomerce-plugin\wp-content\plugins\woocommerce-bill24-payment-gateway\checkout\checkout_confirm.php:18
Stack trace:
#0 C:\wamp64\www\test-woocomerce-plugin\wp-content\plugins\woocommerce-bill24-payment-gateway\checkout\checkout_confirm.php(185): CheckoutConfirm->updateStatus(NULL)
#1 {main}
  thrown in C:\wamp64\www\test-woocomerce-plugin\wp-content\plugins\woocommerce-bill24-payment-gateway\checkout\checkout_confirm.php on line 18

2022-04-07T10:21:31+00:00 CRITICAL Uncaught Error: Call to a member function get_items() on bool in C:\wamp64\www\test-woocomerce-plugin\wp-content\plugins\woocommerce-bill24-payment-gateway\checkout\checkout_confirm.php:18
Stack trace:
#0 C:\wamp64\www\test-woocomerce-plugin\wp-content\plugins\woocommerce-bill24-payment-gateway\checkout\checkout_confirm.php(185): CheckoutConfirm->updateStatus(NULL)
#1 {main}
  thrown in C:\wamp64\www\test-woocomerce-plugin\wp-content\plugins\woocommerce-bill24-payment-gateway\checkout\checkout_confirm.php on line 18

2022-04-07T10:21:34+00:00 CRITICAL Uncaught Error: Call to a member function get_items() on bool in C:\wamp64\www\test-woocomerce-plugin\wp-content\plugins\woocommerce-bill24-payment-gateway\checkout\checkout_confirm.php:18
Stack trace:
#0 C:\wamp64\www\test-woocomerce-plugin\wp-content\plugins\woocommerce-bill24-payment-gateway\checkout\checkout_confirm.php(185): CheckoutConfirm->updateStatus(NULL)
#1 {main}
  thrown in C:\wamp64\www\test-woocomerce-plugin\wp-content\plugins\woocommerce-bill24-payment-gateway\checkout\checkout_confirm.php on line 18

2022-04-07T10:21:36+00:00 CRITICAL Uncaught Error: Call to a member function get_items() on bool in C:\wamp64\www\test-woocomerce-plugin\wp-content\plugins\woocommerce-bill24-payment-gateway\checkout\checkout_confirm.php:18
Stack trace:
#0 C:\wamp64\www\test-woocomerce-plugin\wp-content\plugins\woocommerce-bill24-payment-gateway\checkout\checkout_confirm.php(185): CheckoutConfirm->updateStatus(NULL)
#1 {main}
  thrown in C:\wamp64\www\test-woocomerce-plugin\wp-content\plugins\woocommerce-bill24-payment-gateway\checkout\checkout_confirm.php on line 18

2022-04-07T10:21:37+00:00 CRITICAL Uncaught Error: Call to a member function get_items() on bool in C:\wamp64\www\test-woocomerce-plugin\wp-content\plugins\woocommerce-bill24-payment-gateway\checkout\checkout_confirm.php:18
Stack trace:
#0 C:\wamp64\www\test-woocomerce-plugin\wp-content\plugins\woocommerce-bill24-payment-gateway\checkout\checkout_confirm.php(185): CheckoutConfirm->updateStatus(NULL)
#1 {main}
  thrown in C:\wamp64\www\test-woocomerce-plugin\wp-content\plugins\woocommerce-bill24-payment-gateway\checkout\checkout_confirm.php on line 18

2022-04-07T10:21:37+00:00 CRITICAL Uncaught Error: Call to a member function get_items() on bool in C:\wamp64\www\test-woocomerce-plugin\wp-content\plugins\woocommerce-bill24-payment-gateway\checkout\checkout_confirm.php:18
Stack trace:
#0 C:\wamp64\www\test-woocomerce-plugin\wp-content\plugins\woocommerce-bill24-payment-gateway\checkout\checkout_confirm.php(185): CheckoutConfirm->updateStatus(NULL)
#1 {main}
  thrown in C:\wamp64\www\test-woocomerce-plugin\wp-content\plugins\woocommerce-bill24-payment-gateway\checkout\checkout_confirm.php on line 18

2022-04-07T10:21:38+00:00 CRITICAL Uncaught Error: Call to a member function get_items() on bool in C:\wamp64\www\test-woocomerce-plugin\wp-content\plugins\woocommerce-bill24-payment-gateway\checkout\checkout_confirm.php:18
Stack trace:
#0 C:\wamp64\www\test-woocomerce-plugin\wp-content\plugins\woocommerce-bill24-payment-gateway\checkout\checkout_confirm.php(185): CheckoutConfirm->updateStatus(NULL)
#1 {main}
  thrown in C:\wamp64\www\test-woocomerce-plugin\wp-content\plugins\woocommerce-bill24-payment-gateway\checkout\checkout_confirm.php on line 18

2022-04-07T10:21:39+00:00 CRITICAL Uncaught Error: Call to a member function get_items() on bool in C:\wamp64\www\test-woocomerce-plugin\wp-content\plugins\woocommerce-bill24-payment-gateway\checkout\checkout_confirm.php:18
Stack trace:
#0 C:\wamp64\www\test-woocomerce-plugin\wp-content\plugins\woocommerce-bill24-payment-gateway\checkout\checkout_confirm.php(185): CheckoutConfirm->updateStatus(NULL)
#1 {main}
  thrown in C:\wamp64\www\test-woocomerce-plugin\wp-content\plugins\woocommerce-bill24-payment-gateway\checkout\checkout_confirm.php on line 18

2022-04-07T10:21:39+00:00 CRITICAL Uncaught Error: Call to a member function get_items() on bool in C:\wamp64\www\test-woocomerce-plugin\wp-content\plugins\woocommerce-bill24-payment-gateway\checkout\checkout_confirm.php:18
Stack trace:
#0 C:\wamp64\www\test-woocomerce-plugin\wp-content\plugins\woocommerce-bill24-payment-gateway\checkout\checkout_confirm.php(185): CheckoutConfirm->updateStatus(NULL)
#1 {main}
  thrown in C:\wamp64\www\test-woocomerce-plugin\wp-content\plugins\woocommerce-bill24-payment-gateway\checkout\checkout_confirm.php on line 18

2022-04-07T10:21:40+00:00 CRITICAL Uncaught Error: Call to a member function get_items() on bool in C:\wamp64\www\test-woocomerce-plugin\wp-content\plugins\woocommerce-bill24-payment-gateway\checkout\checkout_confirm.php:18
Stack trace:
#0 C:\wamp64\www\test-woocomerce-plugin\wp-content\plugins\woocommerce-bill24-payment-gateway\checkout\checkout_confirm.php(185): CheckoutConfirm->updateStatus(NULL)
#1 {main}
  thrown in C:\wamp64\www\test-woocomerce-plugin\wp-content\plugins\woocommerce-bill24-payment-gateway\checkout\checkout_confirm.php on line 18

2022-04-07T10:21:41+00:00 CRITICAL Uncaught Error: Call to a member function get_items() on bool in C:\wamp64\www\test-woocomerce-plugin\wp-content\plugins\woocommerce-bill24-payment-gateway\checkout\checkout_confirm.php:18
Stack trace:
#0 C:\wamp64\www\test-woocomerce-plugin\wp-content\plugins\woocommerce-bill24-payment-gateway\checkout\checkout_confirm.php(185): CheckoutConfirm->updateStatus(NULL)
#1 {main}
  thrown in C:\wamp64\www\test-woocomerce-plugin\wp-content\plugins\woocommerce-bill24-payment-gateway\checkout\checkout_confirm.php on line 18

2022-04-07T10:21:41+00:00 CRITICAL Uncaught Error: Call to a member function get_items() on bool in C:\wamp64\www\test-woocomerce-plugin\wp-content\plugins\woocommerce-bill24-payment-gateway\checkout\checkout_confirm.php:18
Stack trace:
#0 C:\wamp64\www\test-woocomerce-plugin\wp-content\plugins\woocommerce-bill24-payment-gateway\checkout\checkout_confirm.php(185): CheckoutConfirm->updateStatus(NULL)
#1 {main}
  thrown in C:\wamp64\www\test-woocomerce-plugin\wp-content\plugins\woocommerce-bill24-payment-gateway\checkout\checkout_confirm.php on line 18

2022-04-07T10:21:41+00:00 CRITICAL Uncaught Error: Call to a member function get_items() on bool in C:\wamp64\www\test-woocomerce-plugin\wp-content\plugins\woocommerce-bill24-payment-gateway\checkout\checkout_confirm.php:18
Stack trace:
#0 C:\wamp64\www\test-woocomerce-plugin\wp-content\plugins\woocommerce-bill24-payment-gateway\checkout\checkout_confirm.php(185): CheckoutConfirm->updateStatus(NULL)
#1 {main}
  thrown in C:\wamp64\www\test-woocomerce-plugin\wp-content\plugins\woocommerce-bill24-payment-gateway\checkout\checkout_confirm.php on line 18

2022-04-07T10:21:41+00:00 CRITICAL Uncaught Error: Call to a member function get_items() on bool in C:\wamp64\www\test-woocomerce-plugin\wp-content\plugins\woocommerce-bill24-payment-gateway\checkout\checkout_confirm.php:18
Stack trace:
#0 C:\wamp64\www\test-woocomerce-plugin\wp-content\plugins\woocommerce-bill24-payment-gateway\checkout\checkout_confirm.php(185): CheckoutConfirm->updateStatus(NULL)
#1 {main}
  thrown in C:\wamp64\www\test-woocomerce-plugin\wp-content\plugins\woocommerce-bill24-payment-gateway\checkout\checkout_confirm.php on line 18

2022-04-07T10:21:42+00:00 CRITICAL Uncaught Error: Call to a member function get_items() on bool in C:\wamp64\www\test-woocomerce-plugin\wp-content\plugins\woocommerce-bill24-payment-gateway\checkout\checkout_confirm.php:18
Stack trace:
#0 C:\wamp64\www\test-woocomerce-plugin\wp-content\plugins\woocommerce-bill24-payment-gateway\checkout\checkout_confirm.php(185): CheckoutConfirm->updateStatus(NULL)
#1 {main}
  thrown in C:\wamp64\www\test-woocomerce-plugin\wp-content\plugins\woocommerce-bill24-payment-gateway\checkout\checkout_confirm.php on line 18

2022-04-07T10:21:43+00:00 CRITICAL Uncaught Error: Call to a member function get_items() on bool in C:\wamp64\www\test-woocomerce-plugin\wp-content\plugins\woocommerce-bill24-payment-gateway\checkout\checkout_confirm.php:18
Stack trace:
#0 C:\wamp64\www\test-woocomerce-plugin\wp-content\plugins\woocommerce-bill24-payment-gateway\checkout\checkout_confirm.php(185): CheckoutConfirm->updateStatus(NULL)
#1 {main}
  thrown in C:\wamp64\www\test-woocomerce-plugin\wp-content\plugins\woocommerce-bill24-payment-gateway\checkout\checkout_confirm.php on line 18

2022-04-07T10:21:43+00:00 CRITICAL Uncaught Error: Call to a member function get_items() on bool in C:\wamp64\www\test-woocomerce-plugin\wp-content\plugins\woocommerce-bill24-payment-gateway\checkout\checkout_confirm.php:18
Stack trace:
#0 C:\wamp64\www\test-woocomerce-plugin\wp-content\plugins\woocommerce-bill24-payment-gateway\checkout\checkout_confirm.php(185): CheckoutConfirm->updateStatus(NULL)
#1 {main}
  thrown in C:\wamp64\www\test-woocomerce-plugin\wp-content\plugins\woocommerce-bill24-payment-gateway\checkout\checkout_confirm.php on line 18

2022-04-07T10:21:44+00:00 CRITICAL Uncaught Error: Call to a member function get_items() on bool in C:\wamp64\www\test-woocomerce-plugin\wp-content\plugins\woocommerce-bill24-payment-gateway\checkout\checkout_confirm.php:18
Stack trace:
#0 C:\wamp64\www\test-woocomerce-plugin\wp-content\plugins\woocommerce-bill24-payment-gateway\checkout\checkout_confirm.php(185): CheckoutConfirm->updateStatus(NULL)
#1 {main}
  thrown in C:\wamp64\www\test-woocomerce-plugin\wp-content\plugins\woocommerce-bill24-payment-gateway\checkout\checkout_confirm.php on line 18

2022-04-07T10:21:44+00:00 CRITICAL Uncaught Error: Call to a member function get_items() on bool in C:\wamp64\www\test-woocomerce-plugin\wp-content\plugins\woocommerce-bill24-payment-gateway\checkout\checkout_confirm.php:18
Stack trace:
#0 C:\wamp64\www\test-woocomerce-plugin\wp-content\plugins\woocommerce-bill24-payment-gateway\checkout\checkout_confirm.php(185): CheckoutConfirm->updateStatus(NULL)
#1 {main}
  thrown in C:\wamp64\www\test-woocomerce-plugin\wp-content\plugins\woocommerce-bill24-payment-gateway\checkout\checkout_confirm.php on line 18

2022-04-07T10:21:45+00:00 CRITICAL Uncaught Error: Call to a member function get_items() on bool in C:\wamp64\www\test-woocomerce-plugin\wp-content\plugins\woocommerce-bill24-payment-gateway\checkout\checkout_confirm.php:18
Stack trace:
#0 C:\wamp64\www\test-woocomerce-plugin\wp-content\plugins\woocommerce-bill24-payment-gateway\checkout\checkout_confirm.php(185): CheckoutConfirm->updateStatus(NULL)
#1 {main}
  thrown in C:\wamp64\www\test-woocomerce-plugin\wp-content\plugins\woocommerce-bill24-payment-gateway\checkout\checkout_confirm.php on line 18

2022-04-07T10:21:45+00:00 CRITICAL Uncaught Error: Call to a member function get_items() on bool in C:\wamp64\www\test-woocomerce-plugin\wp-content\plugins\woocommerce-bill24-payment-gateway\checkout\checkout_confirm.php:18
Stack trace:
#0 C:\wamp64\www\test-woocomerce-plugin\wp-content\plugins\woocommerce-bill24-payment-gateway\checkout\checkout_confirm.php(185): CheckoutConfirm->updateStatus(NULL)
#1 {main}
  thrown in C:\wamp64\www\test-woocomerce-plugin\wp-content\plugins\woocommerce-bill24-payment-gateway\checkout\checkout_confirm.php on line 18

2022-04-07T10:21:45+00:00 CRITICAL Uncaught Error: Call to a member function get_items() on bool in C:\wamp64\www\test-woocomerce-plugin\wp-content\plugins\woocommerce-bill24-payment-gateway\checkout\checkout_confirm.php:18
Stack trace:
#0 C:\wamp64\www\test-woocomerce-plugin\wp-content\plugins\woocommerce-bill24-payment-gateway\checkout\checkout_confirm.php(185): CheckoutConfirm->updateStatus(NULL)
#1 {main}
  thrown in C:\wamp64\www\test-woocomerce-plugin\wp-content\plugins\woocommerce-bill24-payment-gateway\checkout\checkout_confirm.php on line 18

2022-04-07T10:21:46+00:00 CRITICAL Uncaught Error: Call to a member function get_items() on bool in C:\wamp64\www\test-woocomerce-plugin\wp-content\plugins\woocommerce-bill24-payment-gateway\checkout\checkout_confirm.php:18
Stack trace:
#0 C:\wamp64\www\test-woocomerce-plugin\wp-content\plugins\woocommerce-bill24-payment-gateway\checkout\checkout_confirm.php(185): CheckoutConfirm->updateStatus(NULL)
#1 {main}
  thrown in C:\wamp64\www\test-woocomerce-plugin\wp-content\plugins\woocommerce-bill24-payment-gateway\checkout\checkout_confirm.php on line 18

2022-04-07T10:21:46+00:00 CRITICAL Uncaught Error: Call to a member function get_items() on bool in C:\wamp64\www\test-woocomerce-plugin\wp-content\plugins\woocommerce-bill24-payment-gateway\checkout\checkout_confirm.php:18
Stack trace:
#0 C:\wamp64\www\test-woocomerce-plugin\wp-content\plugins\woocommerce-bill24-payment-gateway\checkout\checkout_confirm.php(185): CheckoutConfirm->updateStatus(NULL)
#1 {main}
  thrown in C:\wamp64\www\test-woocomerce-plugin\wp-content\plugins\woocommerce-bill24-payment-gateway\checkout\checkout_confirm.php on line 18

2022-04-07T10:21:46+00:00 CRITICAL Uncaught Error: Call to a member function get_items() on bool in C:\wamp64\www\test-woocomerce-plugin\wp-content\plugins\woocommerce-bill24-payment-gateway\checkout\checkout_confirm.php:18
Stack trace:
#0 C:\wamp64\www\test-woocomerce-plugin\wp-content\plugins\woocommerce-bill24-payment-gateway\checkout\checkout_confirm.php(185): CheckoutConfirm->updateStatus(NULL)
#1 {main}
  thrown in C:\wamp64\www\test-woocomerce-plugin\wp-content\plugins\woocommerce-bill24-payment-gateway\checkout\checkout_confirm.php on line 18

2022-04-07T10:21:46+00:00 CRITICAL Uncaught Error: Call to a member function get_items() on bool in C:\wamp64\www\test-woocomerce-plugin\wp-content\plugins\woocommerce-bill24-payment-gateway\checkout\checkout_confirm.php:18
Stack trace:
#0 C:\wamp64\www\test-woocomerce-plugin\wp-content\plugins\woocommerce-bill24-payment-gateway\checkout\checkout_confirm.php(185): CheckoutConfirm->updateStatus(NULL)
#1 {main}
  thrown in C:\wamp64\www\test-woocomerce-plugin\wp-content\plugins\woocommerce-bill24-payment-gateway\checkout\checkout_confirm.php on line 18

2022-04-07T10:21:47+00:00 CRITICAL Uncaught Error: Call to a member function get_items() on bool in C:\wamp64\www\test-woocomerce-plugin\wp-content\plugins\woocommerce-bill24-payment-gateway\checkout\checkout_confirm.php:18
Stack trace:
#0 C:\wamp64\www\test-woocomerce-plugin\wp-content\plugins\woocommerce-bill24-payment-gateway\checkout\checkout_confirm.php(185): CheckoutConfirm->updateStatus(NULL)
#1 {main}
  thrown in C:\wamp64\www\test-woocomerce-plugin\wp-content\plugins\woocommerce-bill24-payment-gateway\checkout\checkout_confirm.php on line 18

2022-04-07T10:21:47+00:00 CRITICAL Uncaught Error: Call to a member function get_items() on bool in C:\wamp64\www\test-woocomerce-plugin\wp-content\plugins\woocommerce-bill24-payment-gateway\checkout\checkout_confirm.php:18
Stack trace:
#0 C:\wamp64\www\test-woocomerce-plugin\wp-content\plugins\woocommerce-bill24-payment-gateway\checkout\checkout_confirm.php(185): CheckoutConfirm->updateStatus(NULL)
#1 {main}
  thrown in C:\wamp64\www\test-woocomerce-plugin\wp-content\plugins\woocommerce-bill24-payment-gateway\checkout\checkout_confirm.php on line 18

2022-04-07T10:21:48+00:00 CRITICAL Uncaught Error: Call to a member function get_items() on bool in C:\wamp64\www\test-woocomerce-plugin\wp-content\plugins\woocommerce-bill24-payment-gateway\checkout\checkout_confirm.php:18
Stack trace:
#0 C:\wamp64\www\test-woocomerce-plugin\wp-content\plugins\woocommerce-bill24-payment-gateway\checkout\checkout_confirm.php(185): CheckoutConfirm->updateStatus(NULL)
#1 {main}
  thrown in C:\wamp64\www\test-woocomerce-plugin\wp-content\plugins\woocommerce-bill24-payment-gateway\checkout\checkout_confirm.php on line 18

2022-04-07T10:21:48+00:00 CRITICAL Uncaught Error: Call to a member function get_items() on bool in C:\wamp64\www\test-woocomerce-plugin\wp-content\plugins\woocommerce-bill24-payment-gateway\checkout\checkout_confirm.php:18
Stack trace:
#0 C:\wamp64\www\test-woocomerce-plugin\wp-content\plugins\woocommerce-bill24-payment-gateway\checkout\checkout_confirm.php(185): CheckoutConfirm->updateStatus(NULL)
#1 {main}
  thrown in C:\wamp64\www\test-woocomerce-plugin\wp-content\plugins\woocommerce-bill24-payment-gateway\checkout\checkout_confirm.php on line 18

2022-04-07T10:21:48+00:00 CRITICAL Uncaught Error: Call to a member function get_items() on bool in C:\wamp64\www\test-woocomerce-plugin\wp-content\plugins\woocommerce-bill24-payment-gateway\checkout\checkout_confirm.php:18
Stack trace:
#0 C:\wamp64\www\test-woocomerce-plugin\wp-content\plugins\woocommerce-bill24-payment-gateway\checkout\checkout_confirm.php(185): CheckoutConfirm->updateStatus(NULL)
#1 {main}
  thrown in C:\wamp64\www\test-woocomerce-plugin\wp-content\plugins\woocommerce-bill24-payment-gateway\checkout\checkout_confirm.php on line 18

2022-04-07T10:21:49+00:00 CRITICAL Uncaught Error: Call to a member function get_items() on bool in C:\wamp64\www\test-woocomerce-plugin\wp-content\plugins\woocommerce-bill24-payment-gateway\checkout\checkout_confirm.php:18
Stack trace:
#0 C:\wamp64\www\test-woocomerce-plugin\wp-content\plugins\woocommerce-bill24-payment-gateway\checkout\checkout_confirm.php(185): CheckoutConfirm->updateStatus(NULL)
#1 {main}
  thrown in C:\wamp64\www\test-woocomerce-plugin\wp-content\plugins\woocommerce-bill24-payment-gateway\checkout\checkout_confirm.php on line 18

2022-04-07T10:21:49+00:00 CRITICAL Uncaught Error: Call to a member function get_items() on bool in C:\wamp64\www\test-woocomerce-plugin\wp-content\plugins\woocommerce-bill24-payment-gateway\checkout\checkout_confirm.php:18
Stack trace:
#0 C:\wamp64\www\test-woocomerce-plugin\wp-content\plugins\woocommerce-bill24-payment-gateway\checkout\checkout_confirm.php(185): CheckoutConfirm->updateStatus(NULL)
#1 {main}
  thrown in C:\wamp64\www\test-woocomerce-plugin\wp-content\plugins\woocommerce-bill24-payment-gateway\checkout\checkout_confirm.php on line 18

2022-04-07T10:22:00+00:00 CRITICAL Uncaught Error: Call to a member function get_items() on bool in C:\wamp64\www\test-woocomerce-plugin\wp-content\plugins\woocommerce-bill24-payment-gateway\checkout\checkout_confirm.php:18
Stack trace:
#0 C:\wamp64\www\test-woocomerce-plugin\wp-content\plugins\woocommerce-bill24-payment-gateway\checkout\checkout_confirm.php(185): CheckoutConfirm->updateStatus(NULL)
#1 {main}
  thrown in C:\wamp64\www\test-woocomerce-plugin\wp-content\plugins\woocommerce-bill24-payment-gateway\checkout\checkout_confirm.php on line 18

2022-04-07T10:22:00+00:00 CRITICAL Uncaught Error: Call to a member function get_items() on bool in C:\wamp64\www\test-woocomerce-plugin\wp-content\plugins\woocommerce-bill24-payment-gateway\checkout\checkout_confirm.php:18
Stack trace:
#0 C:\wamp64\www\test-woocomerce-plugin\wp-content\plugins\woocommerce-bill24-payment-gateway\checkout\checkout_confirm.php(185): CheckoutConfirm->updateStatus(NULL)
#1 {main}
  thrown in C:\wamp64\www\test-woocomerce-plugin\wp-content\plugins\woocommerce-bill24-payment-gateway\checkout\checkout_confirm.php on line 18

2022-04-07T10:22:01+00:00 CRITICAL Uncaught Error: Call to a member function get_items() on bool in C:\wamp64\www\test-woocomerce-plugin\wp-content\plugins\woocommerce-bill24-payment-gateway\checkout\checkout_confirm.php:18
Stack trace:
#0 C:\wamp64\www\test-woocomerce-plugin\wp-content\plugins\woocommerce-bill24-payment-gateway\checkout\checkout_confirm.php(185): CheckoutConfirm->updateStatus(NULL)
#1 {main}
  thrown in C:\wamp64\www\test-woocomerce-plugin\wp-content\plugins\woocommerce-bill24-payment-gateway\checkout\checkout_confirm.php on line 18

2022-04-07T10:22:02+00:00 CRITICAL Uncaught Error: Call to a member function get_items() on bool in C:\wamp64\www\test-woocomerce-plugin\wp-content\plugins\woocommerce-bill24-payment-gateway\checkout\checkout_confirm.php:18
Stack trace:
#0 C:\wamp64\www\test-woocomerce-plugin\wp-content\plugins\woocommerce-bill24-payment-gateway\checkout\checkout_confirm.php(185): CheckoutConfirm->updateStatus(NULL)
#1 {main}
  thrown in C:\wamp64\www\test-woocomerce-plugin\wp-content\plugins\woocommerce-bill24-payment-gateway\checkout\checkout_confirm.php on line 18

2022-04-07T10:22:20+00:00 CRITICAL Uncaught Error: Call to a member function get_items() on bool in C:\wamp64\www\test-woocomerce-plugin\wp-content\plugins\woocommerce-bill24-payment-gateway\checkout\checkout_confirm.php:18
Stack trace:
#0 C:\wamp64\www\test-woocomerce-plugin\wp-content\plugins\woocommerce-bill24-payment-gateway\checkout\checkout_confirm.php(185): CheckoutConfirm->updateStatus(NULL)
#1 {main}
  thrown in C:\wamp64\www\test-woocomerce-plugin\wp-content\plugins\woocommerce-bill24-payment-gateway\checkout\checkout_confirm.php on line 18

2022-04-07T10:22:21+00:00 CRITICAL Uncaught Error: Call to a member function get_items() on bool in C:\wamp64\www\test-woocomerce-plugin\wp-content\plugins\woocommerce-bill24-payment-gateway\checkout\checkout_confirm.php:18
Stack trace:
#0 C:\wamp64\www\test-woocomerce-plugin\wp-content\plugins\woocommerce-bill24-payment-gateway\checkout\checkout_confirm.php(185): CheckoutConfirm->updateStatus(NULL)
#1 {main}
  thrown in C:\wamp64\www\test-woocomerce-plugin\wp-content\plugins\woocommerce-bill24-payment-gateway\checkout\checkout_confirm.php on line 18

2022-04-07T10:22:21+00:00 CRITICAL Uncaught Error: Call to a member function get_items() on bool in C:\wamp64\www\test-woocomerce-plugin\wp-content\plugins\woocommerce-bill24-payment-gateway\checkout\checkout_confirm.php:18
Stack trace:
#0 C:\wamp64\www\test-woocomerce-plugin\wp-content\plugins\woocommerce-bill24-payment-gateway\checkout\checkout_confirm.php(185): CheckoutConfirm->updateStatus(NULL)
#1 {main}
  thrown in C:\wamp64\www\test-woocomerce-plugin\wp-content\plugins\woocommerce-bill24-payment-gateway\checkout\checkout_confirm.php on line 18

2022-04-07T10:22:22+00:00 CRITICAL Uncaught Error: Call to a member function get_items() on bool in C:\wamp64\www\test-woocomerce-plugin\wp-content\plugins\woocommerce-bill24-payment-gateway\checkout\checkout_confirm.php:18
Stack trace:
#0 C:\wamp64\www\test-woocomerce-plugin\wp-content\plugins\woocommerce-bill24-payment-gateway\checkout\checkout_confirm.php(185): CheckoutConfirm->updateStatus(NULL)
#1 {main}
  thrown in C:\wamp64\www\test-woocomerce-plugin\wp-content\plugins\woocommerce-bill24-payment-gateway\checkout\checkout_confirm.php on line 18

2022-04-07T10:22:28+00:00 CRITICAL Uncaught Error: Call to a member function get_items() on bool in C:\wamp64\www\test-woocomerce-plugin\wp-content\plugins\woocommerce-bill24-payment-gateway\checkout\checkout_confirm.php:18
Stack trace:
#0 C:\wamp64\www\test-woocomerce-plugin\wp-content\plugins\woocommerce-bill24-payment-gateway\checkout\checkout_confirm.php(185): CheckoutConfirm->updateStatus(NULL)
#1 {main}
  thrown in C:\wamp64\www\test-woocomerce-plugin\wp-content\plugins\woocommerce-bill24-payment-gateway\checkout\checkout_confirm.php on line 18

2022-04-07T10:22:29+00:00 CRITICAL Uncaught Error: Call to a member function get_items() on bool in C:\wamp64\www\test-woocomerce-plugin\wp-content\plugins\woocommerce-bill24-payment-gateway\checkout\checkout_confirm.php:18
Stack trace:
#0 C:\wamp64\www\test-woocomerce-plugin\wp-content\plugins\woocommerce-bill24-payment-gateway\checkout\checkout_confirm.php(185): CheckoutConfirm->updateStatus(NULL)
#1 {main}
  thrown in C:\wamp64\www\test-woocomerce-plugin\wp-content\plugins\woocommerce-bill24-payment-gateway\checkout\checkout_confirm.php on line 18

2022-04-07T10:22:31+00:00 CRITICAL Uncaught Error: Call to a member function get_items() on bool in C:\wamp64\www\test-woocomerce-plugin\wp-content\plugins\woocommerce-bill24-payment-gateway\checkout\checkout_confirm.php:18
Stack trace:
#0 C:\wamp64\www\test-woocomerce-plugin\wp-content\plugins\woocommerce-bill24-payment-gateway\checkout\checkout_confirm.php(185): CheckoutConfirm->updateStatus(NULL)
#1 {main}
  thrown in C:\wamp64\www\test-woocomerce-plugin\wp-content\plugins\woocommerce-bill24-payment-gateway\checkout\checkout_confirm.php on line 18

2022-04-07T10:22:31+00:00 CRITICAL Uncaught Error: Call to a member function get_items() on bool in C:\wamp64\www\test-woocomerce-plugin\wp-content\plugins\woocommerce-bill24-payment-gateway\checkout\checkout_confirm.php:18
Stack trace:
#0 C:\wamp64\www\test-woocomerce-plugin\wp-content\plugins\woocommerce-bill24-payment-gateway\checkout\checkout_confirm.php(185): CheckoutConfirm->updateStatus(NULL)
#1 {main}
  thrown in C:\wamp64\www\test-woocomerce-plugin\wp-content\plugins\woocommerce-bill24-payment-gateway\checkout\checkout_confirm.php on line 18

2022-04-07T10:22:32+00:00 CRITICAL Uncaught Error: Call to a member function get_items() on bool in C:\wamp64\www\test-woocomerce-plugin\wp-content\plugins\woocommerce-bill24-payment-gateway\checkout\checkout_confirm.php:18
Stack trace:
#0 C:\wamp64\www\test-woocomerce-plugin\wp-content\plugins\woocommerce-bill24-payment-gateway\checkout\checkout_confirm.php(185): CheckoutConfirm->updateStatus(NULL)
#1 {main}
  thrown in C:\wamp64\www\test-woocomerce-plugin\wp-content\plugins\woocommerce-bill24-payment-gateway\checkout\checkout_confirm.php on line 18

2022-04-07T10:22:33+00:00 CRITICAL Uncaught Error: Call to a member function get_items() on bool in C:\wamp64\www\test-woocomerce-plugin\wp-content\plugins\woocommerce-bill24-payment-gateway\checkout\checkout_confirm.php:18
Stack trace:
#0 C:\wamp64\www\test-woocomerce-plugin\wp-content\plugins\woocommerce-bill24-payment-gateway\checkout\checkout_confirm.php(185): CheckoutConfirm->updateStatus(NULL)
#1 {main}
  thrown in C:\wamp64\www\test-woocomerce-plugin\wp-content\plugins\woocommerce-bill24-payment-gateway\checkout\checkout_confirm.php on line 18

2022-04-07T10:22:34+00:00 CRITICAL Uncaught Error: Call to a member function get_items() on bool in C:\wamp64\www\test-woocomerce-plugin\wp-content\plugins\woocommerce-bill24-payment-gateway\checkout\checkout_confirm.php:18
Stack trace:
#0 C:\wamp64\www\test-woocomerce-plugin\wp-content\plugins\woocommerce-bill24-payment-gateway\checkout\checkout_confirm.php(185): CheckoutConfirm->updateStatus(NULL)
#1 {main}
  thrown in C:\wamp64\www\test-woocomerce-plugin\wp-content\plugins\woocommerce-bill24-payment-gateway\checkout\checkout_confirm.php on line 18

2022-04-07T10:22:35+00:00 CRITICAL Uncaught Error: Call to a member function get_items() on bool in C:\wamp64\www\test-woocomerce-plugin\wp-content\plugins\woocommerce-bill24-payment-gateway\checkout\checkout_confirm.php:18
Stack trace:
#0 C:\wamp64\www\test-woocomerce-plugin\wp-content\plugins\woocommerce-bill24-payment-gateway\checkout\checkout_confirm.php(185): CheckoutConfirm->updateStatus(NULL)
#1 {main}
  thrown in C:\wamp64\www\test-woocomerce-plugin\wp-content\plugins\woocommerce-bill24-payment-gateway\checkout\checkout_confirm.php on line 18

2022-04-07T10:22:38+00:00 CRITICAL Uncaught Error: Call to a member function get_items() on bool in C:\wamp64\www\test-woocomerce-plugin\wp-content\plugins\woocommerce-bill24-payment-gateway\checkout\checkout_confirm.php:18
Stack trace:
#0 C:\wamp64\www\test-woocomerce-plugin\wp-content\plugins\woocommerce-bill24-payment-gateway\checkout\checkout_confirm.php(185): CheckoutConfirm->updateStatus(NULL)
#1 {main}
  thrown in C:\wamp64\www\test-woocomerce-plugin\wp-content\plugins\woocommerce-bill24-payment-gateway\checkout\checkout_confirm.php on line 18

2022-04-07T10:22:41+00:00 CRITICAL Uncaught Error: Call to a member function get_items() on bool in C:\wamp64\www\test-woocomerce-plugin\wp-content\plugins\woocommerce-bill24-payment-gateway\checkout\checkout_confirm.php:18
Stack trace:
#0 C:\wamp64\www\test-woocomerce-plugin\wp-content\plugins\woocommerce-bill24-payment-gateway\checkout\checkout_confirm.php(185): CheckoutConfirm->updateStatus(NULL)
#1 {main}
  thrown in C:\wamp64\www\test-woocomerce-plugin\wp-content\plugins\woocommerce-bill24-payment-gateway\checkout\checkout_confirm.php on line 18

2022-04-07T10:22:41+00:00 CRITICAL Uncaught Error: Call to a member function get_items() on bool in C:\wamp64\www\test-woocomerce-plugin\wp-content\plugins\woocommerce-bill24-payment-gateway\checkout\checkout_confirm.php:18
Stack trace:
#0 C:\wamp64\www\test-woocomerce-plugin\wp-content\plugins\woocommerce-bill24-payment-gateway\checkout\checkout_confirm.php(185): CheckoutConfirm->updateStatus(NULL)
#1 {main}
  thrown in C:\wamp64\www\test-woocomerce-plugin\wp-content\plugins\woocommerce-bill24-payment-gateway\checkout\checkout_confirm.php on line 18

2022-04-07T10:22:43+00:00 CRITICAL Uncaught Error: Call to a member function get_items() on bool in C:\wamp64\www\test-woocomerce-plugin\wp-content\plugins\woocommerce-bill24-payment-gateway\checkout\checkout_confirm.php:18
Stack trace:
#0 C:\wamp64\www\test-woocomerce-plugin\wp-content\plugins\woocommerce-bill24-payment-gateway\checkout\checkout_confirm.php(185): CheckoutConfirm->updateStatus(NULL)
#1 {main}
  thrown in C:\wamp64\www\test-woocomerce-plugin\wp-content\plugins\woocommerce-bill24-payment-gateway\checkout\checkout_confirm.php on line 18

2022-04-07T10:22:47+00:00 CRITICAL Uncaught Error: Call to a member function get_items() on bool in C:\wamp64\www\test-woocomerce-plugin\wp-content\plugins\woocommerce-bill24-payment-gateway\checkout\checkout_confirm.php:18
Stack trace:
#0 C:\wamp64\www\test-woocomerce-plugin\wp-content\plugins\woocommerce-bill24-payment-gateway\checkout\checkout_confirm.php(185): CheckoutConfirm->updateStatus(NULL)
#1 {main}
  thrown in C:\wamp64\www\test-woocomerce-plugin\wp-content\plugins\woocommerce-bill24-payment-gateway\checkout\checkout_confirm.php on line 18

2022-04-07T10:22:49+00:00 CRITICAL Uncaught Error: Call to a member function get_items() on bool in C:\wamp64\www\test-woocomerce-plugin\wp-content\plugins\woocommerce-bill24-payment-gateway\checkout\checkout_confirm.php:18
Stack trace:
#0 C:\wamp64\www\test-woocomerce-plugin\wp-content\plugins\woocommerce-bill24-payment-gateway\checkout\checkout_confirm.php(185): CheckoutConfirm->updateStatus(NULL)
#1 {main}
  thrown in C:\wamp64\www\test-woocomerce-plugin\wp-content\plugins\woocommerce-bill24-payment-gateway\checkout\checkout_confirm.php on line 18

2022-04-07T10:22:49+00:00 CRITICAL Uncaught Error: Call to a member function get_items() on bool in C:\wamp64\www\test-woocomerce-plugin\wp-content\plugins\woocommerce-bill24-payment-gateway\checkout\checkout_confirm.php:18
Stack trace:
#0 C:\wamp64\www\test-woocomerce-plugin\wp-content\plugins\woocommerce-bill24-payment-gateway\checkout\checkout_confirm.php(185): CheckoutConfirm->updateStatus(NULL)
#1 {main}
  thrown in C:\wamp64\www\test-woocomerce-plugin\wp-content\plugins\woocommerce-bill24-payment-gateway\checkout\checkout_confirm.php on line 18

2022-04-07T10:22:51+00:00 CRITICAL Uncaught Error: Call to a member function get_items() on bool in C:\wamp64\www\test-woocomerce-plugin\wp-content\plugins\woocommerce-bill24-payment-gateway\checkout\checkout_confirm.php:18
Stack trace:
#0 C:\wamp64\www\test-woocomerce-plugin\wp-content\plugins\woocommerce-bill24-payment-gateway\checkout\checkout_confirm.php(185): CheckoutConfirm->updateStatus(NULL)
#1 {main}
  thrown in C:\wamp64\www\test-woocomerce-plugin\wp-content\plugins\woocommerce-bill24-payment-gateway\checkout\checkout_confirm.php on line 18

2022-04-07T10:22:53+00:00 CRITICAL Uncaught Error: Call to a member function get_items() on bool in C:\wamp64\www\test-woocomerce-plugin\wp-content\plugins\woocommerce-bill24-payment-gateway\checkout\checkout_confirm.php:18
Stack trace:
#0 C:\wamp64\www\test-woocomerce-plugin\wp-content\plugins\woocommerce-bill24-payment-gateway\checkout\checkout_confirm.php(185): CheckoutConfirm->updateStatus(NULL)
#1 {main}
  thrown in C:\wamp64\www\test-woocomerce-plugin\wp-content\plugins\woocommerce-bill24-payment-gateway\checkout\checkout_confirm.php on line 18

2022-04-07T10:22:55+00:00 CRITICAL Uncaught Error: Call to a member function get_items() on bool in C:\wamp64\www\test-woocomerce-plugin\wp-content\plugins\woocommerce-bill24-payment-gateway\checkout\checkout_confirm.php:18
Stack trace:
#0 C:\wamp64\www\test-woocomerce-plugin\wp-content\plugins\woocommerce-bill24-payment-gateway\checkout\checkout_confirm.php(185): CheckoutConfirm->updateStatus(NULL)
#1 {main}
  thrown in C:\wamp64\www\test-woocomerce-plugin\wp-content\plugins\woocommerce-bill24-payment-gateway\checkout\checkout_confirm.php on line 18

2022-04-07T10:22:56+00:00 CRITICAL Uncaught Error: Call to a member function get_items() on bool in C:\wamp64\www\test-woocomerce-plugin\wp-content\plugins\woocommerce-bill24-payment-gateway\checkout\checkout_confirm.php:18
Stack trace:
#0 C:\wamp64\www\test-woocomerce-plugin\wp-content\plugins\woocommerce-bill24-payment-gateway\checkout\checkout_confirm.php(185): CheckoutConfirm->updateStatus(NULL)
#1 {main}
  thrown in C:\wamp64\www\test-woocomerce-plugin\wp-content\plugins\woocommerce-bill24-payment-gateway\checkout\checkout_confirm.php on line 18

2022-04-07T10:22:57+00:00 CRITICAL Uncaught Error: Call to a member function get_items() on bool in C:\wamp64\www\test-woocomerce-plugin\wp-content\plugins\woocommerce-bill24-payment-gateway\checkout\checkout_confirm.php:18
Stack trace:
#0 C:\wamp64\www\test-woocomerce-plugin\wp-content\plugins\woocommerce-bill24-payment-gateway\checkout\checkout_confirm.php(185): CheckoutConfirm->updateStatus(NULL)
#1 {main}
  thrown in C:\wamp64\www\test-woocomerce-plugin\wp-content\plugins\woocommerce-bill24-payment-gateway\checkout\checkout_confirm.php on line 18

2022-04-07T10:22:59+00:00 CRITICAL Uncaught Error: Call to a member function get_items() on bool in C:\wamp64\www\test-woocomerce-plugin\wp-content\plugins\woocommerce-bill24-payment-gateway\checkout\checkout_confirm.php:18
Stack trace:
#0 C:\wamp64\www\test-woocomerce-plugin\wp-content\plugins\woocommerce-bill24-payment-gateway\checkout\checkout_confirm.php(185): CheckoutConfirm->updateStatus(NULL)
#1 {main}
  thrown in C:\wamp64\www\test-woocomerce-plugin\wp-content\plugins\woocommerce-bill24-payment-gateway\checkout\checkout_confirm.php on line 18

2022-04-07T10:23:00+00:00 CRITICAL Uncaught Error: Call to a member function get_items() on bool in C:\wamp64\www\test-woocomerce-plugin\wp-content\plugins\woocommerce-bill24-payment-gateway\checkout\checkout_confirm.php:18
Stack trace:
#0 C:\wamp64\www\test-woocomerce-plugin\wp-content\plugins\woocommerce-bill24-payment-gateway\checkout\checkout_confirm.php(185): CheckoutConfirm->updateStatus(NULL)
#1 {main}
  thrown in C:\wamp64\www\test-woocomerce-plugin\wp-content\plugins\woocommerce-bill24-payment-gateway\checkout\checkout_confirm.php on line 18

2022-04-07T10:23:01+00:00 CRITICAL Uncaught Error: Call to a member function get_items() on bool in C:\wamp64\www\test-woocomerce-plugin\wp-content\plugins\woocommerce-bill24-payment-gateway\checkout\checkout_confirm.php:18
Stack trace:
#0 C:\wamp64\www\test-woocomerce-plugin\wp-content\plugins\woocommerce-bill24-payment-gateway\checkout\checkout_confirm.php(185): CheckoutConfirm->updateStatus(NULL)
#1 {main}
  thrown in C:\wamp64\www\test-woocomerce-plugin\wp-content\plugins\woocommerce-bill24-payment-gateway\checkout\checkout_confirm.php on line 18

2022-04-07T10:23:02+00:00 CRITICAL Uncaught Error: Call to a member function get_items() on bool in C:\wamp64\www\test-woocomerce-plugin\wp-content\plugins\woocommerce-bill24-payment-gateway\checkout\checkout_confirm.php:18
Stack trace:
#0 C:\wamp64\www\test-woocomerce-plugin\wp-content\plugins\woocommerce-bill24-payment-gateway\checkout\checkout_confirm.php(185): CheckoutConfirm->updateStatus(NULL)
#1 {main}
  thrown in C:\wamp64\www\test-woocomerce-plugin\wp-content\plugins\woocommerce-bill24-payment-gateway\checkout\checkout_confirm.php on line 18

2022-04-07T10:23:04+00:00 CRITICAL Uncaught Error: Call to a member function get_items() on bool in C:\wamp64\www\test-woocomerce-plugin\wp-content\plugins\woocommerce-bill24-payment-gateway\checkout\checkout_confirm.php:18
Stack trace:
#0 C:\wamp64\www\test-woocomerce-plugin\wp-content\plugins\woocommerce-bill24-payment-gateway\checkout\checkout_confirm.php(185): CheckoutConfirm->updateStatus(NULL)
#1 {main}
  thrown in C:\wamp64\www\test-woocomerce-plugin\wp-content\plugins\woocommerce-bill24-payment-gateway\checkout\checkout_confirm.php on line 18

2022-04-07T10:23:05+00:00 CRITICAL Uncaught Error: Call to a member function get_items() on bool in C:\wamp64\www\test-woocomerce-plugin\wp-content\plugins\woocommerce-bill24-payment-gateway\checkout\checkout_confirm.php:18
Stack trace:
#0 C:\wamp64\www\test-woocomerce-plugin\wp-content\plugins\woocommerce-bill24-payment-gateway\checkout\checkout_confirm.php(185): CheckoutConfirm->updateStatus(NULL)
#1 {main}
  thrown in C:\wamp64\www\test-woocomerce-plugin\wp-content\plugins\woocommerce-bill24-payment-gateway\checkout\checkout_confirm.php on line 18

2022-04-07T10:23:07+00:00 CRITICAL Uncaught Error: Call to a member function get_items() on bool in C:\wamp64\www\test-woocomerce-plugin\wp-content\plugins\woocommerce-bill24-payment-gateway\checkout\checkout_confirm.php:18
Stack trace:
#0 C:\wamp64\www\test-woocomerce-plugin\wp-content\plugins\woocommerce-bill24-payment-gateway\checkout\checkout_confirm.php(185): CheckoutConfirm->updateStatus(NULL)
#1 {main}
  thrown in C:\wamp64\www\test-woocomerce-plugin\wp-content\plugins\woocommerce-bill24-payment-gateway\checkout\checkout_confirm.php on line 18

2022-04-07T10:23:07+00:00 CRITICAL Uncaught Error: Call to a member function get_items() on bool in C:\wamp64\www\test-woocomerce-plugin\wp-content\plugins\woocommerce-bill24-payment-gateway\checkout\checkout_confirm.php:18
Stack trace:
#0 C:\wamp64\www\test-woocomerce-plugin\wp-content\plugins\woocommerce-bill24-payment-gateway\checkout\checkout_confirm.php(185): CheckoutConfirm->updateStatus(NULL)
#1 {main}
  thrown in C:\wamp64\www\test-woocomerce-plugin\wp-content\plugins\woocommerce-bill24-payment-gateway\checkout\checkout_confirm.php on line 18

2022-04-07T10:23:08+00:00 CRITICAL Uncaught Error: Call to a member function get_items() on bool in C:\wamp64\www\test-woocomerce-plugin\wp-content\plugins\woocommerce-bill24-payment-gateway\checkout\checkout_confirm.php:18
Stack trace:
#0 C:\wamp64\www\test-woocomerce-plugin\wp-content\plugins\woocommerce-bill24-payment-gateway\checkout\checkout_confirm.php(185): CheckoutConfirm->updateStatus(NULL)
#1 {main}
  thrown in C:\wamp64\www\test-woocomerce-plugin\wp-content\plugins\woocommerce-bill24-payment-gateway\checkout\checkout_confirm.php on line 18

2022-04-07T10:23:09+00:00 CRITICAL Uncaught Error: Call to a member function get_items() on bool in C:\wamp64\www\test-woocomerce-plugin\wp-content\plugins\woocommerce-bill24-payment-gateway\checkout\checkout_confirm.php:18
Stack trace:
#0 C:\wamp64\www\test-woocomerce-plugin\wp-content\plugins\woocommerce-bill24-payment-gateway\checkout\checkout_confirm.php(185): CheckoutConfirm->updateStatus(NULL)
#1 {main}
  thrown in C:\wamp64\www\test-woocomerce-plugin\wp-content\plugins\woocommerce-bill24-payment-gateway\checkout\checkout_confirm.php on line 18

2022-04-07T10:23:10+00:00 CRITICAL Uncaught Error: Call to a member function get_items() on bool in C:\wamp64\www\test-woocomerce-plugin\wp-content\plugins\woocommerce-bill24-payment-gateway\checkout\checkout_confirm.php:18
Stack trace:
#0 C:\wamp64\www\test-woocomerce-plugin\wp-content\plugins\woocommerce-bill24-payment-gateway\checkout\checkout_confirm.php(185): CheckoutConfirm->updateStatus(NULL)
#1 {main}
  thrown in C:\wamp64\www\test-woocomerce-plugin\wp-content\plugins\woocommerce-bill24-payment-gateway\checkout\checkout_confirm.php on line 18

2022-04-07T10:23:11+00:00 CRITICAL Uncaught Error: Call to a member function get_items() on bool in C:\wamp64\www\test-woocomerce-plugin\wp-content\plugins\woocommerce-bill24-payment-gateway\checkout\checkout_confirm.php:18
Stack trace:
#0 C:\wamp64\www\test-woocomerce-plugin\wp-content\plugins\woocommerce-bill24-payment-gateway\checkout\checkout_confirm.php(185): CheckoutConfirm->updateStatus(NULL)
#1 {main}
  thrown in C:\wamp64\www\test-woocomerce-plugin\wp-content\plugins\woocommerce-bill24-payment-gateway\checkout\checkout_confirm.php on line 18

2022-04-07T10:23:12+00:00 CRITICAL Uncaught Error: Call to a member function get_items() on bool in C:\wamp64\www\test-woocomerce-plugin\wp-content\plugins\woocommerce-bill24-payment-gateway\checkout\checkout_confirm.php:18
Stack trace:
#0 C:\wamp64\www\test-woocomerce-plugin\wp-content\plugins\woocommerce-bill24-payment-gateway\checkout\checkout_confirm.php(185): CheckoutConfirm->updateStatus(NULL)
#1 {main}
  thrown in C:\wamp64\www\test-woocomerce-plugin\wp-content\plugins\woocommerce-bill24-payment-gateway\checkout\checkout_confirm.php on line 18

2022-04-07T10:23:14+00:00 CRITICAL Uncaught Error: Call to a member function get_items() on bool in C:\wamp64\www\test-woocomerce-plugin\wp-content\plugins\woocommerce-bill24-payment-gateway\checkout\checkout_confirm.php:18
Stack trace:
#0 C:\wamp64\www\test-woocomerce-plugin\wp-content\plugins\woocommerce-bill24-payment-gateway\checkout\checkout_confirm.php(185): CheckoutConfirm->updateStatus(NULL)
#1 {main}
  thrown in C:\wamp64\www\test-woocomerce-plugin\wp-content\plugins\woocommerce-bill24-payment-gateway\checkout\checkout_confirm.php on line 18

2022-04-07T10:23:15+00:00 CRITICAL Uncaught Error: Call to a member function get_items() on bool in C:\wamp64\www\test-woocomerce-plugin\wp-content\plugins\woocommerce-bill24-payment-gateway\checkout\checkout_confirm.php:18
Stack trace:
#0 C:\wamp64\www\test-woocomerce-plugin\wp-content\plugins\woocommerce-bill24-payment-gateway\checkout\checkout_confirm.php(185): CheckoutConfirm->updateStatus(NULL)
#1 {main}
  thrown in C:\wamp64\www\test-woocomerce-plugin\wp-content\plugins\woocommerce-bill24-payment-gateway\checkout\checkout_confirm.php on line 18

2022-04-07T10:23:16+00:00 CRITICAL Uncaught Error: Call to a member function get_items() on bool in C:\wamp64\www\test-woocomerce-plugin\wp-content\plugins\woocommerce-bill24-payment-gateway\checkout\checkout_confirm.php:18
Stack trace:
#0 C:\wamp64\www\test-woocomerce-plugin\wp-content\plugins\woocommerce-bill24-payment-gateway\checkout\checkout_confirm.php(185): CheckoutConfirm->updateStatus(NULL)
#1 {main}
  thrown in C:\wamp64\www\test-woocomerce-plugin\wp-content\plugins\woocommerce-bill24-payment-gateway\checkout\checkout_confirm.php on line 18

2022-04-07T10:23:17+00:00 CRITICAL Uncaught Error: Call to a member function get_items() on bool in C:\wamp64\www\test-woocomerce-plugin\wp-content\plugins\woocommerce-bill24-payment-gateway\checkout\checkout_confirm.php:18
Stack trace:
#0 C:\wamp64\www\test-woocomerce-plugin\wp-content\plugins\woocommerce-bill24-payment-gateway\checkout\checkout_confirm.php(185): CheckoutConfirm->updateStatus(NULL)
#1 {main}
  thrown in C:\wamp64\www\test-woocomerce-plugin\wp-content\plugins\woocommerce-bill24-payment-gateway\checkout\checkout_confirm.php on line 18

2022-04-07T10:23:18+00:00 CRITICAL Uncaught Error: Call to a member function get_items() on bool in C:\wamp64\www\test-woocomerce-plugin\wp-content\plugins\woocommerce-bill24-payment-gateway\checkout\checkout_confirm.php:18
Stack trace:
#0 C:\wamp64\www\test-woocomerce-plugin\wp-content\plugins\woocommerce-bill24-payment-gateway\checkout\checkout_confirm.php(185): CheckoutConfirm->updateStatus(NULL)
#1 {main}
  thrown in C:\wamp64\www\test-woocomerce-plugin\wp-content\plugins\woocommerce-bill24-payment-gateway\checkout\checkout_confirm.php on line 18

2022-04-07T10:23:19+00:00 CRITICAL Uncaught Error: Call to a member function get_items() on bool in C:\wamp64\www\test-woocomerce-plugin\wp-content\plugins\woocommerce-bill24-payment-gateway\checkout\checkout_confirm.php:18
Stack trace:
#0 C:\wamp64\www\test-woocomerce-plugin\wp-content\plugins\woocommerce-bill24-payment-gateway\checkout\checkout_confirm.php(185): CheckoutConfirm->updateStatus(NULL)
#1 {main}
  thrown in C:\wamp64\www\test-woocomerce-plugin\wp-content\plugins\woocommerce-bill24-payment-gateway\checkout\checkout_confirm.php on line 18

2022-04-07T10:23:20+00:00 CRITICAL Uncaught Error: Call to a member function get_items() on bool in C:\wamp64\www\test-woocomerce-plugin\wp-content\plugins\woocommerce-bill24-payment-gateway\checkout\checkout_confirm.php:18
Stack trace:
#0 C:\wamp64\www\test-woocomerce-plugin\wp-content\plugins\woocommerce-bill24-payment-gateway\checkout\checkout_confirm.php(185): CheckoutConfirm->updateStatus(NULL)
#1 {main}
  thrown in C:\wamp64\www\test-woocomerce-plugin\wp-content\plugins\woocommerce-bill24-payment-gateway\checkout\checkout_confirm.php on line 18

2022-04-07T10:23:22+00:00 CRITICAL Uncaught Error: Call to a member function get_items() on bool in C:\wamp64\www\test-woocomerce-plugin\wp-content\plugins\woocommerce-bill24-payment-gateway\checkout\checkout_confirm.php:18
Stack trace:
#0 C:\wamp64\www\test-woocomerce-plugin\wp-content\plugins\woocommerce-bill24-payment-gateway\checkout\checkout_confirm.php(185): CheckoutConfirm->updateStatus(NULL)
#1 {main}
  thrown in C:\wamp64\www\test-woocomerce-plugin\wp-content\plugins\woocommerce-bill24-payment-gateway\checkout\checkout_confirm.php on line 18

2022-04-07T10:23:22+00:00 CRITICAL Uncaught Error: Call to a member function get_items() on bool in C:\wamp64\www\test-woocomerce-plugin\wp-content\plugins\woocommerce-bill24-payment-gateway\checkout\checkout_confirm.php:18
Stack trace:
#0 C:\wamp64\www\test-woocomerce-plugin\wp-content\plugins\woocommerce-bill24-payment-gateway\checkout\checkout_confirm.php(185): CheckoutConfirm->updateStatus(NULL)
#1 {main}
  thrown in C:\wamp64\www\test-woocomerce-plugin\wp-content\plugins\woocommerce-bill24-payment-gateway\checkout\checkout_confirm.php on line 18

2022-04-07T10:23:24+00:00 CRITICAL Uncaught Error: Call to a member function get_items() on bool in C:\wamp64\www\test-woocomerce-plugin\wp-content\plugins\woocommerce-bill24-payment-gateway\checkout\checkout_confirm.php:18
Stack trace:
#0 C:\wamp64\www\test-woocomerce-plugin\wp-content\plugins\woocommerce-bill24-payment-gateway\checkout\checkout_confirm.php(185): CheckoutConfirm->updateStatus(NULL)
#1 {main}
  thrown in C:\wamp64\www\test-woocomerce-plugin\wp-content\plugins\woocommerce-bill24-payment-gateway\checkout\checkout_confirm.php on line 18

2022-04-07T10:23:27+00:00 CRITICAL Uncaught Error: Call to a member function get_items() on bool in C:\wamp64\www\test-woocomerce-plugin\wp-content\plugins\woocommerce-bill24-payment-gateway\checkout\checkout_confirm.php:18
Stack trace:
#0 C:\wamp64\www\test-woocomerce-plugin\wp-content\plugins\woocommerce-bill24-payment-gateway\checkout\checkout_confirm.php(185): CheckoutConfirm->updateStatus(NULL)
#1 {main}
  thrown in C:\wamp64\www\test-woocomerce-plugin\wp-content\plugins\woocommerce-bill24-payment-gateway\checkout\checkout_confirm.php on line 18

2022-04-07T10:23:30+00:00 CRITICAL Uncaught Error: Call to a member function get_items() on bool in C:\wamp64\www\test-woocomerce-plugin\wp-content\plugins\woocommerce-bill24-payment-gateway\checkout\checkout_confirm.php:18
Stack trace:
#0 C:\wamp64\www\test-woocomerce-plugin\wp-content\plugins\woocommerce-bill24-payment-gateway\checkout\checkout_confirm.php(185): CheckoutConfirm->updateStatus(NULL)
#1 {main}
  thrown in C:\wamp64\www\test-woocomerce-plugin\wp-content\plugins\woocommerce-bill24-payment-gateway\checkout\checkout_confirm.php on line 18

2022-04-07T10:23:32+00:00 CRITICAL Uncaught Error: Call to a member function get_items() on bool in C:\wamp64\www\test-woocomerce-plugin\wp-content\plugins\woocommerce-bill24-payment-gateway\checkout\checkout_confirm.php:18
Stack trace:
#0 C:\wamp64\www\test-woocomerce-plugin\wp-content\plugins\woocommerce-bill24-payment-gateway\checkout\checkout_confirm.php(185): CheckoutConfirm->updateStatus(NULL)
#1 {main}
  thrown in C:\wamp64\www\test-woocomerce-plugin\wp-content\plugins\woocommerce-bill24-payment-gateway\checkout\checkout_confirm.php on line 18

2022-04-07T10:23:35+00:00 CRITICAL Uncaught Error: Call to a member function get_items() on bool in C:\wamp64\www\test-woocomerce-plugin\wp-content\plugins\woocommerce-bill24-payment-gateway\checkout\checkout_confirm.php:18
Stack trace:
#0 C:\wamp64\www\test-woocomerce-plugin\wp-content\plugins\woocommerce-bill24-payment-gateway\checkout\checkout_confirm.php(185): CheckoutConfirm->updateStatus(NULL)
#1 {main}
  thrown in C:\wamp64\www\test-woocomerce-plugin\wp-content\plugins\woocommerce-bill24-payment-gateway\checkout\checkout_confirm.php on line 18

2022-04-07T10:23:41+00:00 CRITICAL Uncaught Error: Call to a member function get_items() on bool in C:\wamp64\www\test-woocomerce-plugin\wp-content\plugins\woocommerce-bill24-payment-gateway\checkout\checkout_confirm.php:18
Stack trace:
#0 C:\wamp64\www\test-woocomerce-plugin\wp-content\plugins\woocommerce-bill24-payment-gateway\checkout\checkout_confirm.php(185): CheckoutConfirm->updateStatus(NULL)
#1 {main}
  thrown in C:\wamp64\www\test-woocomerce-plugin\wp-content\plugins\woocommerce-bill24-payment-gateway\checkout\checkout_confirm.php on line 18

2022-04-07T10:23:46+00:00 CRITICAL Uncaught Error: Call to a member function get_items() on bool in C:\wamp64\www\test-woocomerce-plugin\wp-content\plugins\woocommerce-bill24-payment-gateway\checkout\checkout_confirm.php:18
Stack trace:
#0 C:\wamp64\www\test-woocomerce-plugin\wp-content\plugins\woocommerce-bill24-payment-gateway\checkout\checkout_confirm.php(185): CheckoutConfirm->updateStatus(NULL)
#1 {main}
  thrown in C:\wamp64\www\test-woocomerce-plugin\wp-content\plugins\woocommerce-bill24-payment-gateway\checkout\checkout_confirm.php on line 18

2022-04-07T10:23:49+00:00 CRITICAL Uncaught Error: Call to a member function get_items() on bool in C:\wamp64\www\test-woocomerce-plugin\wp-content\plugins\woocommerce-bill24-payment-gateway\checkout\checkout_confirm.php:18
Stack trace:
#0 C:\wamp64\www\test-woocomerce-plugin\wp-content\plugins\woocommerce-bill24-payment-gateway\checkout\checkout_confirm.php(185): CheckoutConfirm->updateStatus(NULL)
#1 {main}
  thrown in C:\wamp64\www\test-woocomerce-plugin\wp-content\plugins\woocommerce-bill24-payment-gateway\checkout\checkout_confirm.php on line 18

2022-04-07T10:23:51+00:00 CRITICAL Uncaught Error: Call to a member function get_items() on bool in C:\wamp64\www\test-woocomerce-plugin\wp-content\plugins\woocommerce-bill24-payment-gateway\checkout\checkout_confirm.php:18
Stack trace:
#0 C:\wamp64\www\test-woocomerce-plugin\wp-content\plugins\woocommerce-bill24-payment-gateway\checkout\checkout_confirm.php(185): CheckoutConfirm->updateStatus(NULL)
#1 {main}
  thrown in C:\wamp64\www\test-woocomerce-plugin\wp-content\plugins\woocommerce-bill24-payment-gateway\checkout\checkout_confirm.php on line 18

2022-04-07T10:23:54+00:00 CRITICAL Uncaught Error: Call to a member function get_items() on bool in C:\wamp64\www\test-woocomerce-plugin\wp-content\plugins\woocommerce-bill24-payment-gateway\checkout\checkout_confirm.php:18
Stack trace:
#0 C:\wamp64\www\test-woocomerce-plugin\wp-content\plugins\woocommerce-bill24-payment-gateway\checkout\checkout_confirm.php(185): CheckoutConfirm->updateStatus(NULL)
#1 {main}
  thrown in C:\wamp64\www\test-woocomerce-plugin\wp-content\plugins\woocommerce-bill24-payment-gateway\checkout\checkout_confirm.php on line 18

2022-04-07T10:23:56+00:00 CRITICAL Uncaught Error: Call to a member function get_items() on bool in C:\wamp64\www\test-woocomerce-plugin\wp-content\plugins\woocommerce-bill24-payment-gateway\checkout\checkout_confirm.php:18
Stack trace:
#0 C:\wamp64\www\test-woocomerce-plugin\wp-content\plugins\woocommerce-bill24-payment-gateway\checkout\checkout_confirm.php(185): CheckoutConfirm->updateStatus(NULL)
#1 {main}
  thrown in C:\wamp64\www\test-woocomerce-plugin\wp-content\plugins\woocommerce-bill24-payment-gateway\checkout\checkout_confirm.php on line 18

2022-04-07T10:23:59+00:00 CRITICAL Uncaught Error: Call to a member function get_items() on bool in C:\wamp64\www\test-woocomerce-plugin\wp-content\plugins\woocommerce-bill24-payment-gateway\checkout\checkout_confirm.php:18
Stack trace:
#0 C:\wamp64\www\test-woocomerce-plugin\wp-content\plugins\woocommerce-bill24-payment-gateway\checkout\checkout_confirm.php(185): CheckoutConfirm->updateStatus(NULL)
#1 {main}
  thrown in C:\wamp64\www\test-woocomerce-plugin\wp-content\plugins\woocommerce-bill24-payment-gateway\checkout\checkout_confirm.php on line 18

2022-04-07T10:24:07+00:00 CRITICAL Uncaught Error: Call to a member function get_items() on bool in C:\wamp64\www\test-woocomerce-plugin\wp-content\plugins\woocommerce-bill24-payment-gateway\checkout\checkout_confirm.php:18
Stack trace:
#0 C:\wamp64\www\test-woocomerce-plugin\wp-content\plugins\woocommerce-bill24-payment-gateway\checkout\checkout_confirm.php(185): CheckoutConfirm->updateStatus(NULL)
#1 {main}
  thrown in C:\wamp64\www\test-woocomerce-plugin\wp-content\plugins\woocommerce-bill24-payment-gateway\checkout\checkout_confirm.php on line 18

2022-04-07T10:24:10+00:00 CRITICAL Uncaught Error: Call to a member function get_items() on bool in C:\wamp64\www\test-woocomerce-plugin\wp-content\plugins\woocommerce-bill24-payment-gateway\checkout\checkout_confirm.php:18
Stack trace:
#0 C:\wamp64\www\test-woocomerce-plugin\wp-content\plugins\woocommerce-bill24-payment-gateway\checkout\checkout_confirm.php(185): CheckoutConfirm->updateStatus(NULL)
#1 {main}
  thrown in C:\wamp64\www\test-woocomerce-plugin\wp-content\plugins\woocommerce-bill24-payment-gateway\checkout\checkout_confirm.php on line 18

2022-04-07T10:24:12+00:00 CRITICAL Uncaught Error: Call to a member function get_items() on bool in C:\wamp64\www\test-woocomerce-plugin\wp-content\plugins\woocommerce-bill24-payment-gateway\checkout\checkout_confirm.php:18
Stack trace:
#0 C:\wamp64\www\test-woocomerce-plugin\wp-content\plugins\woocommerce-bill24-payment-gateway\checkout\checkout_confirm.php(185): CheckoutConfirm->updateStatus(NULL)
#1 {main}
  thrown in C:\wamp64\www\test-woocomerce-plugin\wp-content\plugins\woocommerce-bill24-payment-gateway\checkout\checkout_confirm.php on line 18

2022-04-07T10:24:15+00:00 CRITICAL Uncaught Error: Call to a member function get_items() on bool in C:\wamp64\www\test-woocomerce-plugin\wp-content\plugins\woocommerce-bill24-payment-gateway\checkout\checkout_confirm.php:18
Stack trace:
#0 C:\wamp64\www\test-woocomerce-plugin\wp-content\plugins\woocommerce-bill24-payment-gateway\checkout\checkout_confirm.php(185): CheckoutConfirm->updateStatus(NULL)
#1 {main}
  thrown in C:\wamp64\www\test-woocomerce-plugin\wp-content\plugins\woocommerce-bill24-payment-gateway\checkout\checkout_confirm.php on line 18

2022-04-07T10:24:17+00:00 CRITICAL Uncaught Error: Call to a member function get_items() on bool in C:\wamp64\www\test-woocomerce-plugin\wp-content\plugins\woocommerce-bill24-payment-gateway\checkout\checkout_confirm.php:18
Stack trace:
#0 C:\wamp64\www\test-woocomerce-plugin\wp-content\plugins\woocommerce-bill24-payment-gateway\checkout\checkout_confirm.php(185): CheckoutConfirm->updateStatus(NULL)
#1 {main}
  thrown in C:\wamp64\www\test-woocomerce-plugin\wp-content\plugins\woocommerce-bill24-payment-gateway\checkout\checkout_confirm.php on line 18

2022-04-07T10:24:20+00:00 CRITICAL Uncaught Error: Call to a member function get_items() on bool in C:\wamp64\www\test-woocomerce-plugin\wp-content\plugins\woocommerce-bill24-payment-gateway\checkout\checkout_confirm.php:18
Stack trace:
#0 C:\wamp64\www\test-woocomerce-plugin\wp-content\plugins\woocommerce-bill24-payment-gateway\checkout\checkout_confirm.php(185): CheckoutConfirm->updateStatus(NULL)
#1 {main}
  thrown in C:\wamp64\www\test-woocomerce-plugin\wp-content\plugins\woocommerce-bill24-payment-gateway\checkout\checkout_confirm.php on line 18

2022-04-07T10:24:22+00:00 CRITICAL Uncaught Error: Call to a member function get_items() on bool in C:\wamp64\www\test-woocomerce-plugin\wp-content\plugins\woocommerce-bill24-payment-gateway\checkout\checkout_confirm.php:18
Stack trace:
#0 C:\wamp64\www\test-woocomerce-plugin\wp-content\plugins\woocommerce-bill24-payment-gateway\checkout\checkout_confirm.php(185): CheckoutConfirm->updateStatus(NULL)
#1 {main}
  thrown in C:\wamp64\www\test-woocomerce-plugin\wp-content\plugins\woocommerce-bill24-payment-gateway\checkout\checkout_confirm.php on line 18

2022-04-07T10:24:24+00:00 CRITICAL Uncaught Error: Call to a member function get_items() on bool in C:\wamp64\www\test-woocomerce-plugin\wp-content\plugins\woocommerce-bill24-payment-gateway\checkout\checkout_confirm.php:18
Stack trace:
#0 C:\wamp64\www\test-woocomerce-plugin\wp-content\plugins\woocommerce-bill24-payment-gateway\checkout\checkout_confirm.php(185): CheckoutConfirm->updateStatus(NULL)
#1 {main}
  thrown in C:\wamp64\www\test-woocomerce-plugin\wp-content\plugins\woocommerce-bill24-payment-gateway\checkout\checkout_confirm.php on line 18

2022-04-07T10:24:28+00:00 CRITICAL Uncaught Error: Call to a member function get_items() on bool in C:\wamp64\www\test-woocomerce-plugin\wp-content\plugins\woocommerce-bill24-payment-gateway\checkout\checkout_confirm.php:18
Stack trace:
#0 C:\wamp64\www\test-woocomerce-plugin\wp-content\plugins\woocommerce-bill24-payment-gateway\checkout\checkout_confirm.php(185): CheckoutConfirm->updateStatus(NULL)
#1 {main}
  thrown in C:\wamp64\www\test-woocomerce-plugin\wp-content\plugins\woocommerce-bill24-payment-gateway\checkout\checkout_confirm.php on line 18

2022-04-07T10:24:31+00:00 CRITICAL Uncaught Error: Call to a member function get_items() on bool in C:\wamp64\www\test-woocomerce-plugin\wp-content\plugins\woocommerce-bill24-payment-gateway\checkout\checkout_confirm.php:18
Stack trace:
#0 C:\wamp64\www\test-woocomerce-plugin\wp-content\plugins\woocommerce-bill24-payment-gateway\checkout\checkout_confirm.php(185): CheckoutConfirm->updateStatus(NULL)
#1 {main}
  thrown in C:\wamp64\www\test-woocomerce-plugin\wp-content\plugins\woocommerce-bill24-payment-gateway\checkout\checkout_confirm.php on line 18

2022-04-07T10:24:34+00:00 CRITICAL Uncaught Error: Call to a member function get_items() on bool in C:\wamp64\www\test-woocomerce-plugin\wp-content\plugins\woocommerce-bill24-payment-gateway\checkout\checkout_confirm.php:18
Stack trace:
#0 C:\wamp64\www\test-woocomerce-plugin\wp-content\plugins\woocommerce-bill24-payment-gateway\checkout\checkout_confirm.php(185): CheckoutConfirm->updateStatus(NULL)
#1 {main}
  thrown in C:\wamp64\www\test-woocomerce-plugin\wp-content\plugins\woocommerce-bill24-payment-gateway\checkout\checkout_confirm.php on line 18

2022-04-07T10:24:36+00:00 CRITICAL Uncaught Error: Call to a member function get_items() on bool in C:\wamp64\www\test-woocomerce-plugin\wp-content\plugins\woocommerce-bill24-payment-gateway\checkout\checkout_confirm.php:18
Stack trace:
#0 C:\wamp64\www\test-woocomerce-plugin\wp-content\plugins\woocommerce-bill24-payment-gateway\checkout\checkout_confirm.php(185): CheckoutConfirm->updateStatus(NULL)
#1 {main}
  thrown in C:\wamp64\www\test-woocomerce-plugin\wp-content\plugins\woocommerce-bill24-payment-gateway\checkout\checkout_confirm.php on line 18

2022-04-07T10:24:40+00:00 CRITICAL Uncaught Error: Call to a member function get_items() on bool in C:\wamp64\www\test-woocomerce-plugin\wp-content\plugins\woocommerce-bill24-payment-gateway\checkout\checkout_confirm.php:18
Stack trace:
#0 C:\wamp64\www\test-woocomerce-plugin\wp-content\plugins\woocommerce-bill24-payment-gateway\checkout\checkout_confirm.php(185): CheckoutConfirm->updateStatus(NULL)
#1 {main}
  thrown in C:\wamp64\www\test-woocomerce-plugin\wp-content\plugins\woocommerce-bill24-payment-gateway\checkout\checkout_confirm.php on line 18

2022-04-07T10:24:42+00:00 CRITICAL Uncaught Error: Call to a member function get_items() on bool in C:\wamp64\www\test-woocomerce-plugin\wp-content\plugins\woocommerce-bill24-payment-gateway\checkout\checkout_confirm.php:18
Stack trace:
#0 C:\wamp64\www\test-woocomerce-plugin\wp-content\plugins\woocommerce-bill24-payment-gateway\checkout\checkout_confirm.php(185): CheckoutConfirm->updateStatus(NULL)
#1 {main}
  thrown in C:\wamp64\www\test-woocomerce-plugin\wp-content\plugins\woocommerce-bill24-payment-gateway\checkout\checkout_confirm.php on line 18

2022-04-07T10:24:44+00:00 CRITICAL Uncaught Error: Call to a member function get_items() on bool in C:\wamp64\www\test-woocomerce-plugin\wp-content\plugins\woocommerce-bill24-payment-gateway\checkout\checkout_confirm.php:18
Stack trace:
#0 C:\wamp64\www\test-woocomerce-plugin\wp-content\plugins\woocommerce-bill24-payment-gateway\checkout\checkout_confirm.php(185): CheckoutConfirm->updateStatus(NULL)
#1 {main}
  thrown in C:\wamp64\www\test-woocomerce-plugin\wp-content\plugins\woocommerce-bill24-payment-gateway\checkout\checkout_confirm.php on line 18

2022-04-07T10:24:47+00:00 CRITICAL Uncaught Error: Call to a member function get_items() on bool in C:\wamp64\www\test-woocomerce-plugin\wp-content\plugins\woocommerce-bill24-payment-gateway\checkout\checkout_confirm.php:18
Stack trace:
#0 C:\wamp64\www\test-woocomerce-plugin\wp-content\plugins\woocommerce-bill24-payment-gateway\checkout\checkout_confirm.php(185): CheckoutConfirm->updateStatus(NULL)
#1 {main}
  thrown in C:\wamp64\www\test-woocomerce-plugin\wp-content\plugins\woocommerce-bill24-payment-gateway\checkout\checkout_confirm.php on line 18

2022-04-07T10:24:50+00:00 CRITICAL Uncaught Error: Call to a member function get_items() on bool in C:\wamp64\www\test-woocomerce-plugin\wp-content\plugins\woocommerce-bill24-payment-gateway\checkout\checkout_confirm.php:18
Stack trace:
#0 C:\wamp64\www\test-woocomerce-plugin\wp-content\plugins\woocommerce-bill24-payment-gateway\checkout\checkout_confirm.php(185): CheckoutConfirm->updateStatus(NULL)
#1 {main}
  thrown in C:\wamp64\www\test-woocomerce-plugin\wp-content\plugins\woocommerce-bill24-payment-gateway\checkout\checkout_confirm.php on line 18

2022-04-07T10:24:52+00:00 CRITICAL Uncaught Error: Call to a member function get_items() on bool in C:\wamp64\www\test-woocomerce-plugin\wp-content\plugins\woocommerce-bill24-payment-gateway\checkout\checkout_confirm.php:18
Stack trace:
#0 C:\wamp64\www\test-woocomerce-plugin\wp-content\plugins\woocommerce-bill24-payment-gateway\checkout\checkout_confirm.php(185): CheckoutConfirm->updateStatus(NULL)
#1 {main}
  thrown in C:\wamp64\www\test-woocomerce-plugin\wp-content\plugins\woocommerce-bill24-payment-gateway\checkout\checkout_confirm.php on line 18

2022-04-07T10:24:55+00:00 CRITICAL Uncaught Error: Call to a member function get_items() on bool in C:\wamp64\www\test-woocomerce-plugin\wp-content\plugins\woocommerce-bill24-payment-gateway\checkout\checkout_confirm.php:18
Stack trace:
#0 C:\wamp64\www\test-woocomerce-plugin\wp-content\plugins\woocommerce-bill24-payment-gateway\checkout\checkout_confirm.php(185): CheckoutConfirm->updateStatus(NULL)
#1 {main}
  thrown in C:\wamp64\www\test-woocomerce-plugin\wp-content\plugins\woocommerce-bill24-payment-gateway\checkout\checkout_confirm.php on line 18

2022-04-07T10:24:57+00:00 CRITICAL Uncaught Error: Call to a member function get_items() on bool in C:\wamp64\www\test-woocomerce-plugin\wp-content\plugins\woocommerce-bill24-payment-gateway\checkout\checkout_confirm.php:18
Stack trace:
#0 C:\wamp64\www\test-woocomerce-plugin\wp-content\plugins\woocommerce-bill24-payment-gateway\checkout\checkout_confirm.php(185): CheckoutConfirm->updateStatus(NULL)
#1 {main}
  thrown in C:\wamp64\www\test-woocomerce-plugin\wp-content\plugins\woocommerce-bill24-payment-gateway\checkout\checkout_confirm.php on line 18

2022-04-07T10:25:00+00:00 CRITICAL Uncaught Error: Call to a member function get_items() on bool in C:\wamp64\www\test-woocomerce-plugin\wp-content\plugins\woocommerce-bill24-payment-gateway\checkout\checkout_confirm.php:18
Stack trace:
#0 C:\wamp64\www\test-woocomerce-plugin\wp-content\plugins\woocommerce-bill24-payment-gateway\checkout\checkout_confirm.php(185): CheckoutConfirm->updateStatus(NULL)
#1 {main}
  thrown in C:\wamp64\www\test-woocomerce-plugin\wp-content\plugins\woocommerce-bill24-payment-gateway\checkout\checkout_confirm.php on line 18

2022-04-07T10:25:02+00:00 CRITICAL Uncaught Error: Call to a member function get_items() on bool in C:\wamp64\www\test-woocomerce-plugin\wp-content\plugins\woocommerce-bill24-payment-gateway\checkout\checkout_confirm.php:18
Stack trace:
#0 C:\wamp64\www\test-woocomerce-plugin\wp-content\plugins\woocommerce-bill24-payment-gateway\checkout\checkout_confirm.php(185): CheckoutConfirm->updateStatus(NULL)
#1 {main}
  thrown in C:\wamp64\www\test-woocomerce-plugin\wp-content\plugins\woocommerce-bill24-payment-gateway\checkout\checkout_confirm.php on line 18

2022-04-07T10:25:05+00:00 CRITICAL Uncaught Error: Call to a member function get_items() on bool in C:\wamp64\www\test-woocomerce-plugin\wp-content\plugins\woocommerce-bill24-payment-gateway\checkout\checkout_confirm.php:18
Stack trace:
#0 C:\wamp64\www\test-woocomerce-plugin\wp-content\plugins\woocommerce-bill24-payment-gateway\checkout\checkout_confirm.php(185): CheckoutConfirm->updateStatus(NULL)
#1 {main}
  thrown in C:\wamp64\www\test-woocomerce-plugin\wp-content\plugins\woocommerce-bill24-payment-gateway\checkout\checkout_confirm.php on line 18

2022-04-07T10:25:07+00:00 CRITICAL Uncaught Error: Call to a member function get_items() on bool in C:\wamp64\www\test-woocomerce-plugin\wp-content\plugins\woocommerce-bill24-payment-gateway\checkout\checkout_confirm.php:18
Stack trace:
#0 C:\wamp64\www\test-woocomerce-plugin\wp-content\plugins\woocommerce-bill24-payment-gateway\checkout\checkout_confirm.php(185): CheckoutConfirm->updateStatus(NULL)
#1 {main}
  thrown in C:\wamp64\www\test-woocomerce-plugin\wp-content\plugins\woocommerce-bill24-payment-gateway\checkout\checkout_confirm.php on line 18

2022-04-07T10:25:09+00:00 CRITICAL Uncaught Error: Call to a member function get_items() on bool in C:\wamp64\www\test-woocomerce-plugin\wp-content\plugins\woocommerce-bill24-payment-gateway\checkout\checkout_confirm.php:18
Stack trace:
#0 C:\wamp64\www\test-woocomerce-plugin\wp-content\plugins\woocommerce-bill24-payment-gateway\checkout\checkout_confirm.php(185): CheckoutConfirm->updateStatus(NULL)
#1 {main}
  thrown in C:\wamp64\www\test-woocomerce-plugin\wp-content\plugins\woocommerce-bill24-payment-gateway\checkout\checkout_confirm.php on line 18

2022-04-07T10:25:12+00:00 CRITICAL Uncaught Error: Call to a member function get_items() on bool in C:\wamp64\www\test-woocomerce-plugin\wp-content\plugins\woocommerce-bill24-payment-gateway\checkout\checkout_confirm.php:18
Stack trace:
#0 C:\wamp64\www\test-woocomerce-plugin\wp-content\plugins\woocommerce-bill24-payment-gateway\checkout\checkout_confirm.php(185): CheckoutConfirm->updateStatus(NULL)
#1 {main}
  thrown in C:\wamp64\www\test-woocomerce-plugin\wp-content\plugins\woocommerce-bill24-payment-gateway\checkout\checkout_confirm.php on line 18

2022-04-07T10:25:14+00:00 CRITICAL Uncaught Error: Call to a member function get_items() on bool in C:\wamp64\www\test-woocomerce-plugin\wp-content\plugins\woocommerce-bill24-payment-gateway\checkout\checkout_confirm.php:18
Stack trace:
#0 C:\wamp64\www\test-woocomerce-plugin\wp-content\plugins\woocommerce-bill24-payment-gateway\checkout\checkout_confirm.php(185): CheckoutConfirm->updateStatus(NULL)
#1 {main}
  thrown in C:\wamp64\www\test-woocomerce-plugin\wp-content\plugins\woocommerce-bill24-payment-gateway\checkout\checkout_confirm.php on line 18

2022-04-07T10:25:16+00:00 CRITICAL Uncaught Error: Call to a member function get_items() on bool in C:\wamp64\www\test-woocomerce-plugin\wp-content\plugins\woocommerce-bill24-payment-gateway\checkout\checkout_confirm.php:18
Stack trace:
#0 C:\wamp64\www\test-woocomerce-plugin\wp-content\plugins\woocommerce-bill24-payment-gateway\checkout\checkout_confirm.php(185): CheckoutConfirm->updateStatus(NULL)
#1 {main}
  thrown in C:\wamp64\www\test-woocomerce-plugin\wp-content\plugins\woocommerce-bill24-payment-gateway\checkout\checkout_confirm.php on line 18

2022-04-07T10:25:19+00:00 CRITICAL Uncaught Error: Call to a member function get_items() on bool in C:\wamp64\www\test-woocomerce-plugin\wp-content\plugins\woocommerce-bill24-payment-gateway\checkout\checkout_confirm.php:18
Stack trace:
#0 C:\wamp64\www\test-woocomerce-plugin\wp-content\plugins\woocommerce-bill24-payment-gateway\checkout\checkout_confirm.php(185): CheckoutConfirm->updateStatus(NULL)
#1 {main}
  thrown in C:\wamp64\www\test-woocomerce-plugin\wp-content\plugins\woocommerce-bill24-payment-gateway\checkout\checkout_confirm.php on line 18

2022-04-07T10:25:22+00:00 CRITICAL Uncaught Error: Call to a member function get_items() on bool in C:\wamp64\www\test-woocomerce-plugin\wp-content\plugins\woocommerce-bill24-payment-gateway\checkout\checkout_confirm.php:18
Stack trace:
#0 C:\wamp64\www\test-woocomerce-plugin\wp-content\plugins\woocommerce-bill24-payment-gateway\checkout\checkout_confirm.php(185): CheckoutConfirm->updateStatus(NULL)
#1 {main}
  thrown in C:\wamp64\www\test-woocomerce-plugin\wp-content\plugins\woocommerce-bill24-payment-gateway\checkout\checkout_confirm.php on line 18

2022-04-07T10:25:24+00:00 CRITICAL Uncaught Error: Call to a member function get_items() on bool in C:\wamp64\www\test-woocomerce-plugin\wp-content\plugins\woocommerce-bill24-payment-gateway\checkout\checkout_confirm.php:18
Stack trace:
#0 C:\wamp64\www\test-woocomerce-plugin\wp-content\plugins\woocommerce-bill24-payment-gateway\checkout\checkout_confirm.php(185): CheckoutConfirm->updateStatus(NULL)
#1 {main}
  thrown in C:\wamp64\www\test-woocomerce-plugin\wp-content\plugins\woocommerce-bill24-payment-gateway\checkout\checkout_confirm.php on line 18

2022-04-07T10:25:27+00:00 CRITICAL Uncaught Error: Call to a member function get_items() on bool in C:\wamp64\www\test-woocomerce-plugin\wp-content\plugins\woocommerce-bill24-payment-gateway\checkout\checkout_confirm.php:18
Stack trace:
#0 C:\wamp64\www\test-woocomerce-plugin\wp-content\plugins\woocommerce-bill24-payment-gateway\checkout\checkout_confirm.php(185): CheckoutConfirm->updateStatus(NULL)
#1 {main}
  thrown in C:\wamp64\www\test-woocomerce-plugin\wp-content\plugins\woocommerce-bill24-payment-gateway\checkout\checkout_confirm.php on line 18

2022-04-07T10:25:29+00:00 CRITICAL Uncaught Error: Call to a member function get_items() on bool in C:\wamp64\www\test-woocomerce-plugin\wp-content\plugins\woocommerce-bill24-payment-gateway\checkout\checkout_confirm.php:18
Stack trace:
#0 C:\wamp64\www\test-woocomerce-plugin\wp-content\plugins\woocommerce-bill24-payment-gateway\checkout\checkout_confirm.php(185): CheckoutConfirm->updateStatus(NULL)
#1 {main}
  thrown in C:\wamp64\www\test-woocomerce-plugin\wp-content\plugins\woocommerce-bill24-payment-gateway\checkout\checkout_confirm.php on line 18

2022-04-07T10:25:32+00:00 CRITICAL Uncaught Error: Call to a member function get_items() on bool in C:\wamp64\www\test-woocomerce-plugin\wp-content\plugins\woocommerce-bill24-payment-gateway\checkout\checkout_confirm.php:18
Stack trace:
#0 C:\wamp64\www\test-woocomerce-plugin\wp-content\plugins\woocommerce-bill24-payment-gateway\checkout\checkout_confirm.php(185): CheckoutConfirm->updateStatus(NULL)
#1 {main}
  thrown in C:\wamp64\www\test-woocomerce-plugin\wp-content\plugins\woocommerce-bill24-payment-gateway\checkout\checkout_confirm.php on line 18

2022-04-07T10:37:04+00:00 CRITICAL Maximum execution time of 120 seconds exceeded in C:\wamp64\www\test-woocomerce-plugin\wp-includes\Requests\Transport\cURL.php on line 165

2022-04-07T10:37:05+00:00 CRITICAL Maximum execution time of 120 seconds exceeded in C:\wamp64\www\test-woocomerce-plugin\wp-includes\Requests\Transport\cURL.php on line 165

2022-04-07T10:37:06+00:00 CRITICAL Maximum execution time of 120 seconds exceeded in C:\wamp64\www\test-woocomerce-plugin\wp-includes\Requests\Transport\cURL.php on line 165

2022-04-07T10:37:07+00:00 CRITICAL Maximum execution time of 120 seconds exceeded in C:\wamp64\www\test-woocomerce-plugin\wp-includes\Requests\Transport\cURL.php on line 165

2022-04-07T10:37:09+00:00 CRITICAL Maximum execution time of 120 seconds exceeded in C:\wamp64\www\test-woocomerce-plugin\wp-includes\Requests\Transport\cURL.php on line 165

2022-04-07T10:37:10+00:00 CRITICAL Maximum execution time of 120 seconds exceeded in C:\wamp64\www\test-woocomerce-plugin\wp-includes\Requests\Transport\cURL.php on line 165

2022-04-07T10:37:10+00:00 CRITICAL Maximum execution time of 120 seconds exceeded in C:\wamp64\www\test-woocomerce-plugin\wp-includes\blocks.php on line 234

2022-04-07T10:37:12+00:00 CRITICAL Maximum execution time of 120 seconds exceeded in C:\wamp64\www\test-woocomerce-plugin\wp-includes\Requests\Transport\cURL.php on line 165

2022-04-07T10:37:13+00:00 CRITICAL Maximum execution time of 120 seconds exceeded in C:\wamp64\www\test-woocomerce-plugin\wp-includes\Requests\Transport\cURL.php on line 165

2022-04-07T10:37:14+00:00 CRITICAL Maximum execution time of 120 seconds exceeded in C:\wamp64\www\test-woocomerce-plugin\wp-includes\Requests\Transport\cURL.php on line 165

2022-04-07T10:37:14+00:00 CRITICAL Maximum execution time of 120 seconds exceeded in C:\wamp64\www\test-woocomerce-plugin\wp-includes\blocks.php on line 148

2022-04-07T10:37:16+00:00 CRITICAL Maximum execution time of 120 seconds exceeded in C:\wamp64\www\test-woocomerce-plugin\wp-includes\Requests\Transport\cURL.php on line 165

2022-04-07T10:37:17+00:00 CRITICAL Maximum execution time of 120 seconds exceeded in C:\wamp64\www\test-woocomerce-plugin\wp-includes\Requests\Transport\cURL.php on line 165

2022-04-07T10:37:18+00:00 CRITICAL Maximum execution time of 120 seconds exceeded in C:\wamp64\www\test-woocomerce-plugin\wp-includes\Requests\Transport\cURL.php on line 165

2022-04-07T10:37:19+00:00 CRITICAL Maximum execution time of 120 seconds exceeded in C:\wamp64\www\test-woocomerce-plugin\wp-includes\Requests\Transport\cURL.php on line 165

2022-04-07T10:37:20+00:00 CRITICAL Maximum execution time of 120 seconds exceeded in C:\wamp64\www\test-woocomerce-plugin\wp-includes\Requests\Transport\cURL.php on line 165

2022-04-07T10:37:23+00:00 CRITICAL Maximum execution time of 120 seconds exceeded in C:\wamp64\www\test-woocomerce-plugin\wp-includes\Requests\Transport\cURL.php on line 165

