2022-04-18T07:20:16+00:00 CRITICAL Maximum execution time of 120 seconds exceeded in C:\wamp64\www\test-woocomerce-plugin\wp-includes\Requests\Transport\cURL.php on line 165

2022-04-18T07:20:17+00:00 CRITICAL Maximum execution time of 120 seconds exceeded in C:\wamp64\www\test-woocomerce-plugin\wp-includes\Requests\Transport\cURL.php on line 165

2022-04-18T07:20:18+00:00 CRITICAL Maximum execution time of 120 seconds exceeded in C:\wamp64\www\test-woocomerce-plugin\wp-includes\Requests\Transport\cURL.php on line 165

2022-04-18T07:20:19+00:00 CRITICAL Maximum execution time of 120 seconds exceeded in C:\wamp64\www\test-woocomerce-plugin\wp-includes\Requests\Transport\cURL.php on line 165

2022-04-18T07:20:20+00:00 CRITICAL Maximum execution time of 120 seconds exceeded in C:\wamp64\www\test-woocomerce-plugin\wp-includes\Requests\Transport\cURL.php on line 165

2022-04-18T07:20:22+00:00 CRITICAL Maximum execution time of 120 seconds exceeded in C:\wamp64\www\test-woocomerce-plugin\wp-includes\Requests\Transport\cURL.php on line 165

2022-04-18T07:20:23+00:00 CRITICAL Maximum execution time of 120 seconds exceeded in C:\wamp64\www\test-woocomerce-plugin\wp-includes\Requests\Transport\cURL.php on line 165

2022-04-18T07:20:24+00:00 CRITICAL Maximum execution time of 120 seconds exceeded in C:\wamp64\www\test-woocomerce-plugin\wp-includes\Requests\Transport\cURL.php on line 165

2022-04-18T07:20:25+00:00 CRITICAL Maximum execution time of 120 seconds exceeded in C:\wamp64\www\test-woocomerce-plugin\wp-includes\Requests\Transport\cURL.php on line 165

2022-04-18T07:20:26+00:00 CRITICAL Maximum execution time of 120 seconds exceeded in C:\wamp64\www\test-woocomerce-plugin\wp-includes\Requests\Transport\cURL.php on line 165

2022-04-18T07:20:27+00:00 CRITICAL Maximum execution time of 120 seconds exceeded in C:\wamp64\www\test-woocomerce-plugin\wp-includes\Requests\Transport\cURL.php on line 165

2022-04-18T07:20:28+00:00 CRITICAL Maximum execution time of 120 seconds exceeded in C:\wamp64\www\test-woocomerce-plugin\wp-includes\Requests\Transport\cURL.php on line 165

2022-04-18T07:20:29+00:00 CRITICAL Maximum execution time of 120 seconds exceeded in C:\wamp64\www\test-woocomerce-plugin\wp-includes\Requests\Transport\cURL.php on line 165

2022-04-18T07:20:31+00:00 CRITICAL Maximum execution time of 120 seconds exceeded in C:\wamp64\www\test-woocomerce-plugin\wp-includes\Requests\Transport\cURL.php on line 165

2022-04-18T07:20:32+00:00 CRITICAL Maximum execution time of 120 seconds exceeded in C:\wamp64\www\test-woocomerce-plugin\wp-includes\Requests\Transport\cURL.php on line 165

2022-04-18T07:23:07+00:00 CRITICAL Maximum execution time of 120 seconds exceeded in C:\wamp64\www\test-woocomerce-plugin\wp-includes\Requests\Transport\cURL.php on line 165

2022-04-18T07:23:11+00:00 CRITICAL Maximum execution time of 120 seconds exceeded in C:\wamp64\www\test-woocomerce-plugin\wp-includes\Requests\Transport\cURL.php on line 165

2022-04-18T07:23:14+00:00 CRITICAL Maximum execution time of 120 seconds exceeded in C:\wamp64\www\test-woocomerce-plugin\wp-includes\Requests\Transport\cURL.php on line 165

2022-04-18T07:23:17+00:00 CRITICAL Maximum execution time of 120 seconds exceeded in C:\wamp64\www\test-woocomerce-plugin\wp-includes\Requests\Transport\cURL.php on line 165

2022-04-18T07:23:19+00:00 CRITICAL Maximum execution time of 120 seconds exceeded in C:\wamp64\www\test-woocomerce-plugin\wp-includes\wp-db.php on line 2162

2022-04-18T07:23:22+00:00 CRITICAL Maximum execution time of 120 seconds exceeded in C:\wamp64\www\test-woocomerce-plugin\wp-includes\admin-bar.php on line 1240

2022-04-18T07:23:27+00:00 CRITICAL Maximum execution time of 120 seconds exceeded in C:\wamp64\www\test-woocomerce-plugin\wp-includes\cache.php on line 218

2022-04-18T07:23:31+00:00 CRITICAL Maximum execution time of 120 seconds exceeded in C:\wamp64\www\test-woocomerce-plugin\wp-includes\Requests\Transport\cURL.php on line 165

2022-04-18T07:23:35+00:00 CRITICAL Maximum execution time of 120 seconds exceeded in C:\wamp64\www\test-woocomerce-plugin\wp-includes\functions.php on line 1039

2022-04-18T07:23:38+00:00 CRITICAL Maximum execution time of 120 seconds exceeded in C:\wamp64\www\test-woocomerce-plugin\wp-includes\Requests\Transport\cURL.php on line 165

2022-04-18T07:23:40+00:00 CRITICAL Maximum execution time of 120 seconds exceeded in C:\wamp64\www\test-woocomerce-plugin\wp-includes\Requests\Transport\cURL.php on line 165

2022-04-18T07:23:43+00:00 CRITICAL Maximum execution time of 120 seconds exceeded in C:\wamp64\www\test-woocomerce-plugin\wp-includes\class.wp-dependencies.php on line 190

2022-04-18T07:23:48+00:00 CRITICAL Maximum execution time of 120 seconds exceeded in C:\wamp64\www\test-woocomerce-plugin\wp-includes\Requests\Transport\cURL.php on line 165

2022-04-18T07:23:50+00:00 CRITICAL Maximum execution time of 120 seconds exceeded in C:\wamp64\www\test-woocomerce-plugin\wp-includes\Requests\Transport\cURL.php on line 165

2022-04-18T07:23:53+00:00 CRITICAL Maximum execution time of 120 seconds exceeded in C:\wamp64\www\test-woocomerce-plugin\wp-includes\Requests\Transport\cURL.php on line 165

2022-04-18T07:23:56+00:00 CRITICAL Maximum execution time of 120 seconds exceeded in C:\wamp64\www\test-woocomerce-plugin\wp-includes\functions.php on line 641

2022-04-18T07:25:07+00:00 CRITICAL Maximum execution time of 120 seconds exceeded in C:\wamp64\www\test-woocomerce-plugin\wp-includes\Requests\Transport\cURL.php on line 165

2022-04-18T07:25:11+00:00 CRITICAL Maximum execution time of 120 seconds exceeded in C:\wamp64\www\test-woocomerce-plugin\wp-includes\Requests\Transport\cURL.php on line 165

2022-04-18T07:25:14+00:00 CRITICAL Maximum execution time of 120 seconds exceeded in C:\wamp64\www\test-woocomerce-plugin\wp-includes\Requests\Transport\cURL.php on line 165

2022-04-18T07:25:17+00:00 CRITICAL Maximum execution time of 120 seconds exceeded in C:\wamp64\www\test-woocomerce-plugin\wp-includes\Requests\Transport\cURL.php on line 165

2022-04-18T07:25:19+00:00 CRITICAL Maximum execution time of 120 seconds exceeded in C:\wamp64\www\test-woocomerce-plugin\wp-includes\Requests\Transport\cURL.php on line 165

2022-04-18T07:25:22+00:00 CRITICAL Maximum execution time of 120 seconds exceeded in C:\wamp64\www\test-woocomerce-plugin\wp-includes\Requests\Transport\cURL.php on line 165

2022-04-18T07:25:27+00:00 CRITICAL Maximum execution time of 120 seconds exceeded in C:\wamp64\www\test-woocomerce-plugin\wp-includes\Requests\Transport\cURL.php on line 165

2022-04-18T07:25:31+00:00 CRITICAL Maximum execution time of 120 seconds exceeded in C:\wamp64\www\test-woocomerce-plugin\wp-includes\Requests\Transport\cURL.php on line 165

2022-04-18T07:25:35+00:00 CRITICAL Maximum execution time of 120 seconds exceeded in C:\wamp64\www\test-woocomerce-plugin\wp-includes\Requests\Transport\cURL.php on line 165

2022-04-18T07:25:38+00:00 CRITICAL Maximum execution time of 120 seconds exceeded in C:\wamp64\www\test-woocomerce-plugin\wp-includes\Requests\Transport\cURL.php on line 165

2022-04-18T07:25:41+00:00 CRITICAL Maximum execution time of 120 seconds exceeded in C:\wamp64\www\test-woocomerce-plugin\wp-includes\Requests\Transport\cURL.php on line 165

2022-04-18T07:25:43+00:00 CRITICAL Maximum execution time of 120 seconds exceeded in C:\wamp64\www\test-woocomerce-plugin\wp-includes\Requests\Transport\cURL.php on line 165

2022-04-18T07:25:48+00:00 CRITICAL Maximum execution time of 120 seconds exceeded in C:\wamp64\www\test-woocomerce-plugin\wp-includes\Requests\Transport\cURL.php on line 165

2022-04-18T07:25:50+00:00 CRITICAL Maximum execution time of 120 seconds exceeded in C:\wamp64\www\test-woocomerce-plugin\wp-includes\plugin.php on line 179

2022-04-18T07:25:54+00:00 CRITICAL Maximum execution time of 120 seconds exceeded in C:\wamp64\www\test-woocomerce-plugin\wp-includes\Requests\Transport\cURL.php on line 165

2022-04-18T07:25:55+00:00 CRITICAL Maximum execution time of 120 seconds exceeded in C:\wamp64\www\test-woocomerce-plugin\wp-includes\plugin.php on line 950

2022-04-18T07:27:07+00:00 CRITICAL Maximum execution time of 120 seconds exceeded in C:\wamp64\www\test-woocomerce-plugin\wp-includes\Requests\Transport\cURL.php on line 165

2022-04-18T07:27:11+00:00 CRITICAL Maximum execution time of 120 seconds exceeded in C:\wamp64\www\test-woocomerce-plugin\wp-includes\wp-db.php on line 2162

2022-04-18T07:27:14+00:00 CRITICAL Maximum execution time of 120 seconds exceeded in C:\wamp64\www\test-woocomerce-plugin\wp-includes\Requests\Transport\cURL.php on line 165

2022-04-18T07:27:17+00:00 CRITICAL Maximum execution time of 120 seconds exceeded in C:\wamp64\www\test-woocomerce-plugin\wp-includes\Requests\Transport\cURL.php on line 165

2022-04-18T07:27:20+00:00 CRITICAL Maximum execution time of 120 seconds exceeded in C:\wamp64\www\test-woocomerce-plugin\wp-includes\Requests\Transport\cURL.php on line 165

2022-04-18T07:27:23+00:00 CRITICAL Maximum execution time of 120 seconds exceeded in C:\wamp64\www\test-woocomerce-plugin\wp-includes\Requests\Transport\cURL.php on line 165

2022-04-18T07:27:27+00:00 CRITICAL Maximum execution time of 120 seconds exceeded in C:\wamp64\www\test-woocomerce-plugin\wp-includes\Requests\Transport\cURL.php on line 165

2022-04-18T07:27:30+00:00 CRITICAL Maximum execution time of 120 seconds exceeded in C:\wamp64\www\test-woocomerce-plugin\wp-includes\Requests\Transport\cURL.php on line 165

2022-04-18T07:27:31+00:00 CRITICAL Maximum execution time of 120 seconds exceeded in C:\wamp64\www\test-woocomerce-plugin\wp-includes\Requests\Transport\cURL.php on line 165

2022-04-18T07:27:35+00:00 CRITICAL Maximum execution time of 120 seconds exceeded in C:\wamp64\www\test-woocomerce-plugin\wp-includes\formatting.php on line 5025

2022-04-18T07:27:38+00:00 CRITICAL Maximum execution time of 120 seconds exceeded in C:\wamp64\www\test-woocomerce-plugin\wp-includes\Requests\Transport\cURL.php on line 165

2022-04-18T07:27:40+00:00 CRITICAL Maximum execution time of 120 seconds exceeded in C:\wamp64\www\test-woocomerce-plugin\wp-content\plugins\woocommerce\includes\class-woocommerce.php on line 878

2022-04-18T07:27:42+00:00 CRITICAL Maximum execution time of 120 seconds exceeded in C:\wamp64\www\test-woocomerce-plugin\wp-includes\class-wp-theme-json.php on line 589

2022-04-18T07:27:45+00:00 CRITICAL Maximum execution time of 120 seconds exceeded in C:\wamp64\www\test-woocomerce-plugin\wp-includes\Requests\Transport\cURL.php on line 165

2022-04-18T07:27:53+00:00 CRITICAL Maximum execution time of 120 seconds exceeded in C:\wamp64\www\test-woocomerce-plugin\wp-content\plugins\woocommerce\includes\class-wc-order.php on line 1304

2022-04-18T07:27:54+00:00 CRITICAL Maximum execution time of 120 seconds exceeded in C:\wamp64\www\test-woocomerce-plugin\wp-includes\Requests\Transport\cURL.php on line 165

2022-04-18T07:27:56+00:00 CRITICAL Maximum execution time of 120 seconds exceeded in C:\wamp64\www\test-woocomerce-plugin\wp-includes\Requests\Transport\cURL.php on line 165

2022-04-18T07:29:07+00:00 CRITICAL Maximum execution time of 120 seconds exceeded in C:\wamp64\www\test-woocomerce-plugin\wp-includes\class-wp-object-cache.php on line 290

2022-04-18T07:29:12+00:00 CRITICAL Maximum execution time of 120 seconds exceeded in C:\wamp64\www\test-woocomerce-plugin\wp-includes\Requests\Transport\cURL.php on line 165

2022-04-18T07:29:14+00:00 CRITICAL Maximum execution time of 120 seconds exceeded in C:\wamp64\www\test-woocomerce-plugin\wp-includes\Requests\Transport\cURL.php on line 165

2022-04-18T07:29:17+00:00 CRITICAL Maximum execution time of 120 seconds exceeded in C:\wamp64\www\test-woocomerce-plugin\wp-includes\Requests\Transport\cURL.php on line 165

2022-04-18T07:29:20+00:00 CRITICAL Maximum execution time of 120 seconds exceeded in C:\wamp64\www\test-woocomerce-plugin\wp-includes\Requests\Transport\cURL.php on line 165

2022-04-18T07:29:23+00:00 CRITICAL Maximum execution time of 120 seconds exceeded in C:\wamp64\www\test-woocomerce-plugin\wp-includes\Requests\Transport\cURL.php on line 165

2022-04-18T07:29:28+00:00 CRITICAL Maximum execution time of 120 seconds exceeded in C:\wamp64\www\test-woocomerce-plugin\wp-includes\Requests\Transport\cURL.php on line 165

2022-04-18T07:29:30+00:00 CRITICAL Maximum execution time of 120 seconds exceeded in C:\wamp64\www\test-woocomerce-plugin\wp-includes\Requests\Transport\cURL.php on line 165

2022-04-18T07:29:31+00:00 CRITICAL Maximum execution time of 120 seconds exceeded in C:\wamp64\www\test-woocomerce-plugin\wp-includes\Requests\Transport\cURL.php on line 165

2022-04-18T07:29:35+00:00 CRITICAL Maximum execution time of 120 seconds exceeded in C:\wamp64\www\test-woocomerce-plugin\wp-includes\Requests\Transport\cURL.php on line 165

2022-04-18T07:29:39+00:00 CRITICAL Maximum execution time of 120 seconds exceeded in C:\wamp64\www\test-woocomerce-plugin\wp-includes\Requests\Transport\cURL.php on line 165

2022-04-18T07:29:40+00:00 CRITICAL Maximum execution time of 120 seconds exceeded in C:\wamp64\www\test-woocomerce-plugin\wp-includes\l10n.php on line 1315

