2022-04-12T03:13:39+00:00 CRITICAL Uncaught Error: Call to undefined function https://checkoutapi-demo.bill24.net/transaction/verify() in C:\wamp64\www\test-woocomerce-plugin\wp-content\plugins\woocommerce-bill24-payment-gateway\checkout\checkout_confirm.php:133
Stack trace:
#0 {main}
  thrown in C:\wamp64\www\test-woocomerce-plugin\wp-content\plugins\woocommerce-bill24-payment-gateway\checkout\checkout_confirm.php on line 133

2022-04-12T05:05:57+00:00 CRITICAL Uncaught Exception: Invalid order. in C:\wamp64\www\test-woocomerce-plugin\wp-content\plugins\woocommerce\includes\data-stores\abstract-wc-order-data-store-cpt.php:104
Stack trace:
#0 C:\wamp64\www\test-woocomerce-plugin\wp-content\plugins\woocommerce\includes\class-wc-data-store.php(159): Abstract_WC_Order_Data_Store_CPT->read(Object(WC_Order))
#1 C:\wamp64\www\test-woocomerce-plugin\wp-content\plugins\woocommerce\includes\abstracts\abstract-wc-order.php(116): WC_Data_Store->read(Object(WC_Order))
#2 C:\wamp64\www\test-woocomerce-plugin\wp-content\plugins\woocommerce-bill24-payment-gateway\woocommerce-bill24-payment-gateway.php(73): WC_Abstract_Order->__construct(1)
#3 C:\wamp64\www\test-woocomerce-plugin\wp-content\plugins\woocommerce\includes\class-wc-payment-gateways.php(97): WC_bill24_Gateway->__construct()
#4 C:\wamp64\www\test-woocomerce-plugin\wp-content\plugins\woocommerce\includes\class-wc-payment-gateways.php(70): WC_Payment_Gateways->init()
#5 C:\wamp64\www\test-woocomerce-plugin\wp-content\plugin in C:\wamp64\www\test-woocomerce-plugin\wp-content\plugins\woocommerce\includes\data-stores\abstract-wc-order-data-store-cpt.php on line 104

2022-04-12T05:06:51+00:00 CRITICAL Uncaught Exception: Invalid order. in C:\wamp64\www\test-woocomerce-plugin\wp-content\plugins\woocommerce\includes\data-stores\abstract-wc-order-data-store-cpt.php:104
Stack trace:
#0 C:\wamp64\www\test-woocomerce-plugin\wp-content\plugins\woocommerce\includes\class-wc-data-store.php(159): Abstract_WC_Order_Data_Store_CPT->read(Object(WC_Order))
#1 C:\wamp64\www\test-woocomerce-plugin\wp-content\plugins\woocommerce\includes\abstracts\abstract-wc-order.php(116): WC_Data_Store->read(Object(WC_Order))
#2 C:\wamp64\www\test-woocomerce-plugin\wp-content\plugins\woocommerce-bill24-payment-gateway\woocommerce-bill24-payment-gateway.php(73): WC_Abstract_Order->__construct(1)
#3 C:\wamp64\www\test-woocomerce-plugin\wp-content\plugins\woocommerce\includes\class-wc-payment-gateways.php(97): WC_bill24_Gateway->__construct()
#4 C:\wamp64\www\test-woocomerce-plugin\wp-content\plugins\woocommerce\includes\class-wc-payment-gateways.php(70): WC_Payment_Gateways->init()
#5 C:\wamp64\www\test-woocomerce-plugin\wp-content\plugin in C:\wamp64\www\test-woocomerce-plugin\wp-content\plugins\woocommerce\includes\data-stores\abstract-wc-order-data-store-cpt.php on line 104

2022-04-12T05:10:08+00:00 CRITICAL Uncaught Exception: Invalid order. in C:\wamp64\www\test-woocomerce-plugin\wp-content\plugins\woocommerce\includes\data-stores\abstract-wc-order-data-store-cpt.php:104
Stack trace:
#0 C:\wamp64\www\test-woocomerce-plugin\wp-content\plugins\woocommerce\includes\class-wc-data-store.php(159): Abstract_WC_Order_Data_Store_CPT->read(Object(WC_Order))
#1 C:\wamp64\www\test-woocomerce-plugin\wp-content\plugins\woocommerce\includes\abstracts\abstract-wc-order.php(116): WC_Data_Store->read(Object(WC_Order))
#2 C:\wamp64\www\test-woocomerce-plugin\wp-content\plugins\woocommerce-bill24-payment-gateway\woocommerce-bill24-payment-gateway.php(73): WC_Abstract_Order->__construct(1)
#3 C:\wamp64\www\test-woocomerce-plugin\wp-content\plugins\woocommerce\includes\class-wc-payment-gateways.php(97): WC_bill24_Gateway->__construct()
#4 C:\wamp64\www\test-woocomerce-plugin\wp-content\plugins\woocommerce\includes\class-wc-payment-gateways.php(70): WC_Payment_Gateways->init()
#5 C:\wamp64\www\test-woocomerce-plugin\wp-content\plugin in C:\wamp64\www\test-woocomerce-plugin\wp-content\plugins\woocommerce\includes\data-stores\abstract-wc-order-data-store-cpt.php on line 104

2022-04-12T05:11:30+00:00 CRITICAL Uncaught Exception: Invalid order. in C:\wamp64\www\test-woocomerce-plugin\wp-content\plugins\woocommerce\includes\data-stores\abstract-wc-order-data-store-cpt.php:104
Stack trace:
#0 C:\wamp64\www\test-woocomerce-plugin\wp-content\plugins\woocommerce\includes\class-wc-data-store.php(159): Abstract_WC_Order_Data_Store_CPT->read(Object(WC_Order))
#1 C:\wamp64\www\test-woocomerce-plugin\wp-content\plugins\woocommerce\includes\abstracts\abstract-wc-order.php(116): WC_Data_Store->read(Object(WC_Order))
#2 C:\wamp64\www\test-woocomerce-plugin\wp-content\plugins\woocommerce-bill24-payment-gateway\woocommerce-bill24-payment-gateway.php(73): WC_Abstract_Order->__construct(1)
#3 C:\wamp64\www\test-woocomerce-plugin\wp-content\plugins\woocommerce\includes\class-wc-payment-gateways.php(97): WC_bill24_Gateway->__construct()
#4 C:\wamp64\www\test-woocomerce-plugin\wp-content\plugins\woocommerce\includes\class-wc-payment-gateways.php(70): WC_Payment_Gateways->init()
#5 C:\wamp64\www\test-woocomerce-plugin\wp-content\plugin in C:\wamp64\www\test-woocomerce-plugin\wp-content\plugins\woocommerce\includes\data-stores\abstract-wc-order-data-store-cpt.php on line 104

2022-04-12T07:14:41+00:00 CRITICAL Uncaught Exception: Invalid order. in C:\wamp64\www\test-woocomerce-plugin\wp-content\plugins\woocommerce\includes\data-stores\abstract-wc-order-data-store-cpt.php:104
Stack trace:
#0 C:\wamp64\www\test-woocomerce-plugin\wp-content\plugins\woocommerce\includes\class-wc-data-store.php(159): Abstract_WC_Order_Data_Store_CPT->read(Object(WC_Order))
#1 C:\wamp64\www\test-woocomerce-plugin\wp-content\plugins\woocommerce\includes\abstracts\abstract-wc-order.php(116): WC_Data_Store->read(Object(WC_Order))
#2 C:\wamp64\www\test-woocomerce-plugin\wp-content\plugins\woocommerce-bill24-payment-gateway\woocommerce-bill24-payment-gateway.php(73): WC_Abstract_Order->__construct(1)
#3 C:\wamp64\www\test-woocomerce-plugin\wp-content\plugins\woocommerce\includes\class-wc-payment-gateways.php(97): WC_bill24_Gateway->__construct()
#4 C:\wamp64\www\test-woocomerce-plugin\wp-content\plugins\woocommerce\includes\class-wc-payment-gateways.php(70): WC_Payment_Gateways->init()
#5 C:\wamp64\www\test-woocomerce-plugin\wp-content\plugin in C:\wamp64\www\test-woocomerce-plugin\wp-content\plugins\woocommerce\includes\data-stores\abstract-wc-order-data-store-cpt.php on line 104

2022-04-12T07:56:02+00:00 CRITICAL Uncaught Error: Call to a member function get_items() on bool in C:\wamp64\www\test-woocomerce-plugin\wp-content\plugins\woocommerce-bill24-payment-gateway\checkout\checkout_confirm.php:17
Stack trace:
#0 C:\wamp64\www\test-woocomerce-plugin\wp-content\plugins\woocommerce-bill24-payment-gateway\checkout\checkout_confirm.php(188): CheckoutConfirm->updateStatus(NULL)
#1 {main}
  thrown in C:\wamp64\www\test-woocomerce-plugin\wp-content\plugins\woocommerce-bill24-payment-gateway\checkout\checkout_confirm.php on line 17

2022-04-12T07:56:04+00:00 CRITICAL Uncaught Error: Call to a member function get_items() on bool in C:\wamp64\www\test-woocomerce-plugin\wp-content\plugins\woocommerce-bill24-payment-gateway\checkout\checkout_confirm.php:17
Stack trace:
#0 C:\wamp64\www\test-woocomerce-plugin\wp-content\plugins\woocommerce-bill24-payment-gateway\checkout\checkout_confirm.php(188): CheckoutConfirm->updateStatus(NULL)
#1 {main}
  thrown in C:\wamp64\www\test-woocomerce-plugin\wp-content\plugins\woocommerce-bill24-payment-gateway\checkout\checkout_confirm.php on line 17

2022-04-12T07:56:07+00:00 CRITICAL Uncaught Error: Call to a member function get_items() on bool in C:\wamp64\www\test-woocomerce-plugin\wp-content\plugins\woocommerce-bill24-payment-gateway\checkout\checkout_confirm.php:17
Stack trace:
#0 C:\wamp64\www\test-woocomerce-plugin\wp-content\plugins\woocommerce-bill24-payment-gateway\checkout\checkout_confirm.php(188): CheckoutConfirm->updateStatus(NULL)
#1 {main}
  thrown in C:\wamp64\www\test-woocomerce-plugin\wp-content\plugins\woocommerce-bill24-payment-gateway\checkout\checkout_confirm.php on line 17

2022-04-12T07:56:08+00:00 CRITICAL Uncaught Error: Call to a member function get_items() on bool in C:\wamp64\www\test-woocomerce-plugin\wp-content\plugins\woocommerce-bill24-payment-gateway\checkout\checkout_confirm.php:17
Stack trace:
#0 C:\wamp64\www\test-woocomerce-plugin\wp-content\plugins\woocommerce-bill24-payment-gateway\checkout\checkout_confirm.php(188): CheckoutConfirm->updateStatus(NULL)
#1 {main}
  thrown in C:\wamp64\www\test-woocomerce-plugin\wp-content\plugins\woocommerce-bill24-payment-gateway\checkout\checkout_confirm.php on line 17

2022-04-12T07:56:09+00:00 CRITICAL Uncaught Error: Call to a member function get_items() on bool in C:\wamp64\www\test-woocomerce-plugin\wp-content\plugins\woocommerce-bill24-payment-gateway\checkout\checkout_confirm.php:17
Stack trace:
#0 C:\wamp64\www\test-woocomerce-plugin\wp-content\plugins\woocommerce-bill24-payment-gateway\checkout\checkout_confirm.php(188): CheckoutConfirm->updateStatus(NULL)
#1 {main}
  thrown in C:\wamp64\www\test-woocomerce-plugin\wp-content\plugins\woocommerce-bill24-payment-gateway\checkout\checkout_confirm.php on line 17

2022-04-12T07:56:11+00:00 CRITICAL Uncaught Error: Call to a member function get_items() on bool in C:\wamp64\www\test-woocomerce-plugin\wp-content\plugins\woocommerce-bill24-payment-gateway\checkout\checkout_confirm.php:17
Stack trace:
#0 C:\wamp64\www\test-woocomerce-plugin\wp-content\plugins\woocommerce-bill24-payment-gateway\checkout\checkout_confirm.php(188): CheckoutConfirm->updateStatus(NULL)
#1 {main}
  thrown in C:\wamp64\www\test-woocomerce-plugin\wp-content\plugins\woocommerce-bill24-payment-gateway\checkout\checkout_confirm.php on line 17

2022-04-12T07:56:13+00:00 CRITICAL Uncaught Error: Call to a member function get_items() on bool in C:\wamp64\www\test-woocomerce-plugin\wp-content\plugins\woocommerce-bill24-payment-gateway\checkout\checkout_confirm.php:17
Stack trace:
#0 C:\wamp64\www\test-woocomerce-plugin\wp-content\plugins\woocommerce-bill24-payment-gateway\checkout\checkout_confirm.php(188): CheckoutConfirm->updateStatus(NULL)
#1 {main}
  thrown in C:\wamp64\www\test-woocomerce-plugin\wp-content\plugins\woocommerce-bill24-payment-gateway\checkout\checkout_confirm.php on line 17

2022-04-12T07:56:15+00:00 CRITICAL Uncaught Error: Call to a member function get_items() on bool in C:\wamp64\www\test-woocomerce-plugin\wp-content\plugins\woocommerce-bill24-payment-gateway\checkout\checkout_confirm.php:17
Stack trace:
#0 C:\wamp64\www\test-woocomerce-plugin\wp-content\plugins\woocommerce-bill24-payment-gateway\checkout\checkout_confirm.php(188): CheckoutConfirm->updateStatus(NULL)
#1 {main}
  thrown in C:\wamp64\www\test-woocomerce-plugin\wp-content\plugins\woocommerce-bill24-payment-gateway\checkout\checkout_confirm.php on line 17

2022-04-12T07:56:16+00:00 CRITICAL Uncaught Error: Call to a member function get_items() on bool in C:\wamp64\www\test-woocomerce-plugin\wp-content\plugins\woocommerce-bill24-payment-gateway\checkout\checkout_confirm.php:17
Stack trace:
#0 C:\wamp64\www\test-woocomerce-plugin\wp-content\plugins\woocommerce-bill24-payment-gateway\checkout\checkout_confirm.php(188): CheckoutConfirm->updateStatus(NULL)
#1 {main}
  thrown in C:\wamp64\www\test-woocomerce-plugin\wp-content\plugins\woocommerce-bill24-payment-gateway\checkout\checkout_confirm.php on line 17

2022-04-12T07:56:18+00:00 CRITICAL Uncaught Error: Call to a member function get_items() on bool in C:\wamp64\www\test-woocomerce-plugin\wp-content\plugins\woocommerce-bill24-payment-gateway\checkout\checkout_confirm.php:17
Stack trace:
#0 C:\wamp64\www\test-woocomerce-plugin\wp-content\plugins\woocommerce-bill24-payment-gateway\checkout\checkout_confirm.php(188): CheckoutConfirm->updateStatus(NULL)
#1 {main}
  thrown in C:\wamp64\www\test-woocomerce-plugin\wp-content\plugins\woocommerce-bill24-payment-gateway\checkout\checkout_confirm.php on line 17

2022-04-12T07:56:19+00:00 CRITICAL Uncaught Error: Call to a member function get_items() on bool in C:\wamp64\www\test-woocomerce-plugin\wp-content\plugins\woocommerce-bill24-payment-gateway\checkout\checkout_confirm.php:17
Stack trace:
#0 C:\wamp64\www\test-woocomerce-plugin\wp-content\plugins\woocommerce-bill24-payment-gateway\checkout\checkout_confirm.php(188): CheckoutConfirm->updateStatus(NULL)
#1 {main}
  thrown in C:\wamp64\www\test-woocomerce-plugin\wp-content\plugins\woocommerce-bill24-payment-gateway\checkout\checkout_confirm.php on line 17

2022-04-12T07:56:21+00:00 CRITICAL Uncaught Error: Call to a member function get_items() on bool in C:\wamp64\www\test-woocomerce-plugin\wp-content\plugins\woocommerce-bill24-payment-gateway\checkout\checkout_confirm.php:17
Stack trace:
#0 C:\wamp64\www\test-woocomerce-plugin\wp-content\plugins\woocommerce-bill24-payment-gateway\checkout\checkout_confirm.php(188): CheckoutConfirm->updateStatus(NULL)
#1 {main}
  thrown in C:\wamp64\www\test-woocomerce-plugin\wp-content\plugins\woocommerce-bill24-payment-gateway\checkout\checkout_confirm.php on line 17

2022-04-12T07:56:23+00:00 CRITICAL Uncaught Error: Call to a member function get_items() on bool in C:\wamp64\www\test-woocomerce-plugin\wp-content\plugins\woocommerce-bill24-payment-gateway\checkout\checkout_confirm.php:17
Stack trace:
#0 C:\wamp64\www\test-woocomerce-plugin\wp-content\plugins\woocommerce-bill24-payment-gateway\checkout\checkout_confirm.php(188): CheckoutConfirm->updateStatus(NULL)
#1 {main}
  thrown in C:\wamp64\www\test-woocomerce-plugin\wp-content\plugins\woocommerce-bill24-payment-gateway\checkout\checkout_confirm.php on line 17

2022-04-12T07:56:24+00:00 CRITICAL Uncaught Error: Call to a member function get_items() on bool in C:\wamp64\www\test-woocomerce-plugin\wp-content\plugins\woocommerce-bill24-payment-gateway\checkout\checkout_confirm.php:17
Stack trace:
#0 C:\wamp64\www\test-woocomerce-plugin\wp-content\plugins\woocommerce-bill24-payment-gateway\checkout\checkout_confirm.php(188): CheckoutConfirm->updateStatus(NULL)
#1 {main}
  thrown in C:\wamp64\www\test-woocomerce-plugin\wp-content\plugins\woocommerce-bill24-payment-gateway\checkout\checkout_confirm.php on line 17

2022-04-12T07:56:26+00:00 CRITICAL Uncaught Error: Call to a member function get_items() on bool in C:\wamp64\www\test-woocomerce-plugin\wp-content\plugins\woocommerce-bill24-payment-gateway\checkout\checkout_confirm.php:17
Stack trace:
#0 C:\wamp64\www\test-woocomerce-plugin\wp-content\plugins\woocommerce-bill24-payment-gateway\checkout\checkout_confirm.php(188): CheckoutConfirm->updateStatus(NULL)
#1 {main}
  thrown in C:\wamp64\www\test-woocomerce-plugin\wp-content\plugins\woocommerce-bill24-payment-gateway\checkout\checkout_confirm.php on line 17

2022-04-12T07:56:27+00:00 CRITICAL Uncaught Error: Call to a member function get_items() on bool in C:\wamp64\www\test-woocomerce-plugin\wp-content\plugins\woocommerce-bill24-payment-gateway\checkout\checkout_confirm.php:17
Stack trace:
#0 C:\wamp64\www\test-woocomerce-plugin\wp-content\plugins\woocommerce-bill24-payment-gateway\checkout\checkout_confirm.php(188): CheckoutConfirm->updateStatus(NULL)
#1 {main}
  thrown in C:\wamp64\www\test-woocomerce-plugin\wp-content\plugins\woocommerce-bill24-payment-gateway\checkout\checkout_confirm.php on line 17

2022-04-12T07:56:29+00:00 CRITICAL Uncaught Error: Call to a member function get_items() on bool in C:\wamp64\www\test-woocomerce-plugin\wp-content\plugins\woocommerce-bill24-payment-gateway\checkout\checkout_confirm.php:17
Stack trace:
#0 C:\wamp64\www\test-woocomerce-plugin\wp-content\plugins\woocommerce-bill24-payment-gateway\checkout\checkout_confirm.php(188): CheckoutConfirm->updateStatus(NULL)
#1 {main}
  thrown in C:\wamp64\www\test-woocomerce-plugin\wp-content\plugins\woocommerce-bill24-payment-gateway\checkout\checkout_confirm.php on line 17

2022-04-12T07:56:31+00:00 CRITICAL Uncaught Error: Call to a member function get_items() on bool in C:\wamp64\www\test-woocomerce-plugin\wp-content\plugins\woocommerce-bill24-payment-gateway\checkout\checkout_confirm.php:17
Stack trace:
#0 C:\wamp64\www\test-woocomerce-plugin\wp-content\plugins\woocommerce-bill24-payment-gateway\checkout\checkout_confirm.php(188): CheckoutConfirm->updateStatus(NULL)
#1 {main}
  thrown in C:\wamp64\www\test-woocomerce-plugin\wp-content\plugins\woocommerce-bill24-payment-gateway\checkout\checkout_confirm.php on line 17

2022-04-12T07:56:32+00:00 CRITICAL Uncaught Error: Call to a member function get_items() on bool in C:\wamp64\www\test-woocomerce-plugin\wp-content\plugins\woocommerce-bill24-payment-gateway\checkout\checkout_confirm.php:17
Stack trace:
#0 C:\wamp64\www\test-woocomerce-plugin\wp-content\plugins\woocommerce-bill24-payment-gateway\checkout\checkout_confirm.php(188): CheckoutConfirm->updateStatus(NULL)
#1 {main}
  thrown in C:\wamp64\www\test-woocomerce-plugin\wp-content\plugins\woocommerce-bill24-payment-gateway\checkout\checkout_confirm.php on line 17

2022-04-12T07:56:34+00:00 CRITICAL Uncaught Error: Call to a member function get_items() on bool in C:\wamp64\www\test-woocomerce-plugin\wp-content\plugins\woocommerce-bill24-payment-gateway\checkout\checkout_confirm.php:17
Stack trace:
#0 C:\wamp64\www\test-woocomerce-plugin\wp-content\plugins\woocommerce-bill24-payment-gateway\checkout\checkout_confirm.php(188): CheckoutConfirm->updateStatus(NULL)
#1 {main}
  thrown in C:\wamp64\www\test-woocomerce-plugin\wp-content\plugins\woocommerce-bill24-payment-gateway\checkout\checkout_confirm.php on line 17

2022-04-12T07:56:36+00:00 CRITICAL Uncaught Error: Call to a member function get_items() on bool in C:\wamp64\www\test-woocomerce-plugin\wp-content\plugins\woocommerce-bill24-payment-gateway\checkout\checkout_confirm.php:17
Stack trace:
#0 C:\wamp64\www\test-woocomerce-plugin\wp-content\plugins\woocommerce-bill24-payment-gateway\checkout\checkout_confirm.php(188): CheckoutConfirm->updateStatus(NULL)
#1 {main}
  thrown in C:\wamp64\www\test-woocomerce-plugin\wp-content\plugins\woocommerce-bill24-payment-gateway\checkout\checkout_confirm.php on line 17

2022-04-12T07:56:39+00:00 CRITICAL Uncaught Error: Call to a member function get_items() on bool in C:\wamp64\www\test-woocomerce-plugin\wp-content\plugins\woocommerce-bill24-payment-gateway\checkout\checkout_confirm.php:17
Stack trace:
#0 C:\wamp64\www\test-woocomerce-plugin\wp-content\plugins\woocommerce-bill24-payment-gateway\checkout\checkout_confirm.php(188): CheckoutConfirm->updateStatus(NULL)
#1 {main}
  thrown in C:\wamp64\www\test-woocomerce-plugin\wp-content\plugins\woocommerce-bill24-payment-gateway\checkout\checkout_confirm.php on line 17

2022-04-12T07:56:41+00:00 CRITICAL Uncaught Error: Call to a member function get_items() on bool in C:\wamp64\www\test-woocomerce-plugin\wp-content\plugins\woocommerce-bill24-payment-gateway\checkout\checkout_confirm.php:17
Stack trace:
#0 C:\wamp64\www\test-woocomerce-plugin\wp-content\plugins\woocommerce-bill24-payment-gateway\checkout\checkout_confirm.php(188): CheckoutConfirm->updateStatus(NULL)
#1 {main}
  thrown in C:\wamp64\www\test-woocomerce-plugin\wp-content\plugins\woocommerce-bill24-payment-gateway\checkout\checkout_confirm.php on line 17

2022-04-12T07:56:44+00:00 CRITICAL Uncaught Error: Call to a member function get_items() on bool in C:\wamp64\www\test-woocomerce-plugin\wp-content\plugins\woocommerce-bill24-payment-gateway\checkout\checkout_confirm.php:17
Stack trace:
#0 C:\wamp64\www\test-woocomerce-plugin\wp-content\plugins\woocommerce-bill24-payment-gateway\checkout\checkout_confirm.php(188): CheckoutConfirm->updateStatus(NULL)
#1 {main}
  thrown in C:\wamp64\www\test-woocomerce-plugin\wp-content\plugins\woocommerce-bill24-payment-gateway\checkout\checkout_confirm.php on line 17

2022-04-12T07:56:46+00:00 CRITICAL Uncaught Error: Call to a member function get_items() on bool in C:\wamp64\www\test-woocomerce-plugin\wp-content\plugins\woocommerce-bill24-payment-gateway\checkout\checkout_confirm.php:17
Stack trace:
#0 C:\wamp64\www\test-woocomerce-plugin\wp-content\plugins\woocommerce-bill24-payment-gateway\checkout\checkout_confirm.php(188): CheckoutConfirm->updateStatus(NULL)
#1 {main}
  thrown in C:\wamp64\www\test-woocomerce-plugin\wp-content\plugins\woocommerce-bill24-payment-gateway\checkout\checkout_confirm.php on line 17

2022-04-12T07:56:48+00:00 CRITICAL Uncaught Error: Call to a member function get_items() on bool in C:\wamp64\www\test-woocomerce-plugin\wp-content\plugins\woocommerce-bill24-payment-gateway\checkout\checkout_confirm.php:17
Stack trace:
#0 C:\wamp64\www\test-woocomerce-plugin\wp-content\plugins\woocommerce-bill24-payment-gateway\checkout\checkout_confirm.php(188): CheckoutConfirm->updateStatus(NULL)
#1 {main}
  thrown in C:\wamp64\www\test-woocomerce-plugin\wp-content\plugins\woocommerce-bill24-payment-gateway\checkout\checkout_confirm.php on line 17

2022-04-12T07:56:50+00:00 CRITICAL Uncaught Error: Call to a member function get_items() on bool in C:\wamp64\www\test-woocomerce-plugin\wp-content\plugins\woocommerce-bill24-payment-gateway\checkout\checkout_confirm.php:17
Stack trace:
#0 C:\wamp64\www\test-woocomerce-plugin\wp-content\plugins\woocommerce-bill24-payment-gateway\checkout\checkout_confirm.php(188): CheckoutConfirm->updateStatus(NULL)
#1 {main}
  thrown in C:\wamp64\www\test-woocomerce-plugin\wp-content\plugins\woocommerce-bill24-payment-gateway\checkout\checkout_confirm.php on line 17

2022-04-12T08:05:41+00:00 CRITICAL Uncaught Error: Call to a member function get_items() on bool in C:\wamp64\www\test-woocomerce-plugin\wp-content\plugins\woocommerce-bill24-payment-gateway\checkout\checkout_confirm.php:17
Stack trace:
#0 C:\wamp64\www\test-woocomerce-plugin\wp-content\plugins\woocommerce-bill24-payment-gateway\checkout\checkout_confirm.php(188): CheckoutConfirm->updateStatus(NULL)
#1 {main}
  thrown in C:\wamp64\www\test-woocomerce-plugin\wp-content\plugins\woocommerce-bill24-payment-gateway\checkout\checkout_confirm.php on line 17

2022-04-12T08:05:43+00:00 CRITICAL Uncaught Error: Call to a member function get_items() on bool in C:\wamp64\www\test-woocomerce-plugin\wp-content\plugins\woocommerce-bill24-payment-gateway\checkout\checkout_confirm.php:17
Stack trace:
#0 C:\wamp64\www\test-woocomerce-plugin\wp-content\plugins\woocommerce-bill24-payment-gateway\checkout\checkout_confirm.php(188): CheckoutConfirm->updateStatus(NULL)
#1 {main}
  thrown in C:\wamp64\www\test-woocomerce-plugin\wp-content\plugins\woocommerce-bill24-payment-gateway\checkout\checkout_confirm.php on line 17

2022-04-12T08:05:44+00:00 CRITICAL Uncaught Error: Call to a member function get_items() on bool in C:\wamp64\www\test-woocomerce-plugin\wp-content\plugins\woocommerce-bill24-payment-gateway\checkout\checkout_confirm.php:17
Stack trace:
#0 C:\wamp64\www\test-woocomerce-plugin\wp-content\plugins\woocommerce-bill24-payment-gateway\checkout\checkout_confirm.php(188): CheckoutConfirm->updateStatus(NULL)
#1 {main}
  thrown in C:\wamp64\www\test-woocomerce-plugin\wp-content\plugins\woocommerce-bill24-payment-gateway\checkout\checkout_confirm.php on line 17

2022-04-12T08:05:46+00:00 CRITICAL Uncaught Error: Call to a member function get_items() on bool in C:\wamp64\www\test-woocomerce-plugin\wp-content\plugins\woocommerce-bill24-payment-gateway\checkout\checkout_confirm.php:17
Stack trace:
#0 C:\wamp64\www\test-woocomerce-plugin\wp-content\plugins\woocommerce-bill24-payment-gateway\checkout\checkout_confirm.php(188): CheckoutConfirm->updateStatus(NULL)
#1 {main}
  thrown in C:\wamp64\www\test-woocomerce-plugin\wp-content\plugins\woocommerce-bill24-payment-gateway\checkout\checkout_confirm.php on line 17

2022-04-12T08:05:47+00:00 CRITICAL Uncaught Error: Call to a member function get_items() on bool in C:\wamp64\www\test-woocomerce-plugin\wp-content\plugins\woocommerce-bill24-payment-gateway\checkout\checkout_confirm.php:17
Stack trace:
#0 C:\wamp64\www\test-woocomerce-plugin\wp-content\plugins\woocommerce-bill24-payment-gateway\checkout\checkout_confirm.php(188): CheckoutConfirm->updateStatus(NULL)
#1 {main}
  thrown in C:\wamp64\www\test-woocomerce-plugin\wp-content\plugins\woocommerce-bill24-payment-gateway\checkout\checkout_confirm.php on line 17

2022-04-12T08:05:48+00:00 CRITICAL Uncaught Error: Call to a member function get_items() on bool in C:\wamp64\www\test-woocomerce-plugin\wp-content\plugins\woocommerce-bill24-payment-gateway\checkout\checkout_confirm.php:17
Stack trace:
#0 C:\wamp64\www\test-woocomerce-plugin\wp-content\plugins\woocommerce-bill24-payment-gateway\checkout\checkout_confirm.php(188): CheckoutConfirm->updateStatus(NULL)
#1 {main}
  thrown in C:\wamp64\www\test-woocomerce-plugin\wp-content\plugins\woocommerce-bill24-payment-gateway\checkout\checkout_confirm.php on line 17

2022-04-12T08:05:49+00:00 CRITICAL Uncaught Error: Call to a member function get_items() on bool in C:\wamp64\www\test-woocomerce-plugin\wp-content\plugins\woocommerce-bill24-payment-gateway\checkout\checkout_confirm.php:17
Stack trace:
#0 C:\wamp64\www\test-woocomerce-plugin\wp-content\plugins\woocommerce-bill24-payment-gateway\checkout\checkout_confirm.php(188): CheckoutConfirm->updateStatus(NULL)
#1 {main}
  thrown in C:\wamp64\www\test-woocomerce-plugin\wp-content\plugins\woocommerce-bill24-payment-gateway\checkout\checkout_confirm.php on line 17

2022-04-12T08:05:51+00:00 CRITICAL Uncaught Error: Call to a member function get_items() on bool in C:\wamp64\www\test-woocomerce-plugin\wp-content\plugins\woocommerce-bill24-payment-gateway\checkout\checkout_confirm.php:17
Stack trace:
#0 C:\wamp64\www\test-woocomerce-plugin\wp-content\plugins\woocommerce-bill24-payment-gateway\checkout\checkout_confirm.php(188): CheckoutConfirm->updateStatus(NULL)
#1 {main}
  thrown in C:\wamp64\www\test-woocomerce-plugin\wp-content\plugins\woocommerce-bill24-payment-gateway\checkout\checkout_confirm.php on line 17

2022-04-12T08:05:53+00:00 CRITICAL Uncaught Error: Call to a member function get_items() on bool in C:\wamp64\www\test-woocomerce-plugin\wp-content\plugins\woocommerce-bill24-payment-gateway\checkout\checkout_confirm.php:17
Stack trace:
#0 C:\wamp64\www\test-woocomerce-plugin\wp-content\plugins\woocommerce-bill24-payment-gateway\checkout\checkout_confirm.php(197): CheckoutConfirm->updateStatus(NULL)
#1 {main}
  thrown in C:\wamp64\www\test-woocomerce-plugin\wp-content\plugins\woocommerce-bill24-payment-gateway\checkout\checkout_confirm.php on line 17

2022-04-12T09:00:38+00:00 CRITICAL Uncaught Error: Call to a member function get_items() on bool in C:\wamp64\www\test-woocomerce-plugin\wp-content\plugins\woocommerce-bill24-payment-gateway\checkout\checkout_confirm.php:17
Stack trace:
#0 C:\wamp64\www\test-woocomerce-plugin\wp-content\plugins\woocommerce-bill24-payment-gateway\checkout\checkout_confirm.php(198): CheckoutConfirm->updateStatus(false)
#1 {main}
  thrown in C:\wamp64\www\test-woocomerce-plugin\wp-content\plugins\woocommerce-bill24-payment-gateway\checkout\checkout_confirm.php on line 17

2022-04-12T09:00:41+00:00 CRITICAL Uncaught Error: Call to a member function get_items() on bool in C:\wamp64\www\test-woocomerce-plugin\wp-content\plugins\woocommerce-bill24-payment-gateway\checkout\checkout_confirm.php:17
Stack trace:
#0 C:\wamp64\www\test-woocomerce-plugin\wp-content\plugins\woocommerce-bill24-payment-gateway\checkout\checkout_confirm.php(198): CheckoutConfirm->updateStatus(false)
#1 {main}
  thrown in C:\wamp64\www\test-woocomerce-plugin\wp-content\plugins\woocommerce-bill24-payment-gateway\checkout\checkout_confirm.php on line 17

2022-04-12T09:00:43+00:00 CRITICAL Uncaught Error: Call to a member function get_items() on bool in C:\wamp64\www\test-woocomerce-plugin\wp-content\plugins\woocommerce-bill24-payment-gateway\checkout\checkout_confirm.php:17
Stack trace:
#0 C:\wamp64\www\test-woocomerce-plugin\wp-content\plugins\woocommerce-bill24-payment-gateway\checkout\checkout_confirm.php(198): CheckoutConfirm->updateStatus(false)
#1 {main}
  thrown in C:\wamp64\www\test-woocomerce-plugin\wp-content\plugins\woocommerce-bill24-payment-gateway\checkout\checkout_confirm.php on line 17

2022-04-12T09:00:59+00:00 CRITICAL Uncaught Error: Call to a member function get_items() on bool in C:\wamp64\www\test-woocomerce-plugin\wp-content\plugins\woocommerce-bill24-payment-gateway\checkout\checkout_confirm.php:17
Stack trace:
#0 C:\wamp64\www\test-woocomerce-plugin\wp-content\plugins\woocommerce-bill24-payment-gateway\checkout\checkout_confirm.php(198): CheckoutConfirm->updateStatus(false)
#1 {main}
  thrown in C:\wamp64\www\test-woocomerce-plugin\wp-content\plugins\woocommerce-bill24-payment-gateway\checkout\checkout_confirm.php on line 17

2022-04-12T09:01:02+00:00 CRITICAL Uncaught Error: Call to a member function get_items() on bool in C:\wamp64\www\test-woocomerce-plugin\wp-content\plugins\woocommerce-bill24-payment-gateway\checkout\checkout_confirm.php:17
Stack trace:
#0 C:\wamp64\www\test-woocomerce-plugin\wp-content\plugins\woocommerce-bill24-payment-gateway\checkout\checkout_confirm.php(198): CheckoutConfirm->updateStatus(false)
#1 {main}
  thrown in C:\wamp64\www\test-woocomerce-plugin\wp-content\plugins\woocommerce-bill24-payment-gateway\checkout\checkout_confirm.php on line 17

2022-04-12T09:01:12+00:00 CRITICAL Uncaught Error: Call to a member function get_items() on bool in C:\wamp64\www\test-woocomerce-plugin\wp-content\plugins\woocommerce-bill24-payment-gateway\checkout\checkout_confirm.php:17
Stack trace:
#0 C:\wamp64\www\test-woocomerce-plugin\wp-content\plugins\woocommerce-bill24-payment-gateway\checkout\checkout_confirm.php(198): CheckoutConfirm->updateStatus(false)
#1 {main}
  thrown in C:\wamp64\www\test-woocomerce-plugin\wp-content\plugins\woocommerce-bill24-payment-gateway\checkout\checkout_confirm.php on line 17

2022-04-12T09:01:15+00:00 CRITICAL Uncaught Error: Call to a member function get_items() on bool in C:\wamp64\www\test-woocomerce-plugin\wp-content\plugins\woocommerce-bill24-payment-gateway\checkout\checkout_confirm.php:17
Stack trace:
#0 C:\wamp64\www\test-woocomerce-plugin\wp-content\plugins\woocommerce-bill24-payment-gateway\checkout\checkout_confirm.php(198): CheckoutConfirm->updateStatus(false)
#1 {main}
  thrown in C:\wamp64\www\test-woocomerce-plugin\wp-content\plugins\woocommerce-bill24-payment-gateway\checkout\checkout_confirm.php on line 17

2022-04-12T09:01:19+00:00 CRITICAL Uncaught Error: Call to a member function get_items() on bool in C:\wamp64\www\test-woocomerce-plugin\wp-content\plugins\woocommerce-bill24-payment-gateway\checkout\checkout_confirm.php:17
Stack trace:
#0 C:\wamp64\www\test-woocomerce-plugin\wp-content\plugins\woocommerce-bill24-payment-gateway\checkout\checkout_confirm.php(198): CheckoutConfirm->updateStatus(false)
#1 {main}
  thrown in C:\wamp64\www\test-woocomerce-plugin\wp-content\plugins\woocommerce-bill24-payment-gateway\checkout\checkout_confirm.php on line 17

2022-04-12T09:01:22+00:00 CRITICAL Uncaught Error: Call to a member function get_items() on bool in C:\wamp64\www\test-woocomerce-plugin\wp-content\plugins\woocommerce-bill24-payment-gateway\checkout\checkout_confirm.php:17
Stack trace:
#0 C:\wamp64\www\test-woocomerce-plugin\wp-content\plugins\woocommerce-bill24-payment-gateway\checkout\checkout_confirm.php(198): CheckoutConfirm->updateStatus(false)
#1 {main}
  thrown in C:\wamp64\www\test-woocomerce-plugin\wp-content\plugins\woocommerce-bill24-payment-gateway\checkout\checkout_confirm.php on line 17

2022-04-12T09:01:24+00:00 CRITICAL Uncaught Error: Call to a member function get_items() on bool in C:\wamp64\www\test-woocomerce-plugin\wp-content\plugins\woocommerce-bill24-payment-gateway\checkout\checkout_confirm.php:17
Stack trace:
#0 C:\wamp64\www\test-woocomerce-plugin\wp-content\plugins\woocommerce-bill24-payment-gateway\checkout\checkout_confirm.php(198): CheckoutConfirm->updateStatus(false)
#1 {main}
  thrown in C:\wamp64\www\test-woocomerce-plugin\wp-content\plugins\woocommerce-bill24-payment-gateway\checkout\checkout_confirm.php on line 17

2022-04-12T09:01:27+00:00 CRITICAL Uncaught Error: Call to a member function get_items() on bool in C:\wamp64\www\test-woocomerce-plugin\wp-content\plugins\woocommerce-bill24-payment-gateway\checkout\checkout_confirm.php:17
Stack trace:
#0 C:\wamp64\www\test-woocomerce-plugin\wp-content\plugins\woocommerce-bill24-payment-gateway\checkout\checkout_confirm.php(198): CheckoutConfirm->updateStatus(false)
#1 {main}
  thrown in C:\wamp64\www\test-woocomerce-plugin\wp-content\plugins\woocommerce-bill24-payment-gateway\checkout\checkout_confirm.php on line 17

2022-04-12T09:01:30+00:00 CRITICAL Uncaught Error: Call to a member function get_items() on bool in C:\wamp64\www\test-woocomerce-plugin\wp-content\plugins\woocommerce-bill24-payment-gateway\checkout\checkout_confirm.php:17
Stack trace:
#0 C:\wamp64\www\test-woocomerce-plugin\wp-content\plugins\woocommerce-bill24-payment-gateway\checkout\checkout_confirm.php(198): CheckoutConfirm->updateStatus(false)
#1 {main}
  thrown in C:\wamp64\www\test-woocomerce-plugin\wp-content\plugins\woocommerce-bill24-payment-gateway\checkout\checkout_confirm.php on line 17

2022-04-12T09:01:33+00:00 CRITICAL Uncaught Error: Call to a member function get_items() on bool in C:\wamp64\www\test-woocomerce-plugin\wp-content\plugins\woocommerce-bill24-payment-gateway\checkout\checkout_confirm.php:17
Stack trace:
#0 C:\wamp64\www\test-woocomerce-plugin\wp-content\plugins\woocommerce-bill24-payment-gateway\checkout\checkout_confirm.php(198): CheckoutConfirm->updateStatus(false)
#1 {main}
  thrown in C:\wamp64\www\test-woocomerce-plugin\wp-content\plugins\woocommerce-bill24-payment-gateway\checkout\checkout_confirm.php on line 17

2022-04-12T09:01:41+00:00 CRITICAL Uncaught Error: Call to a member function get_items() on bool in C:\wamp64\www\test-woocomerce-plugin\wp-content\plugins\woocommerce-bill24-payment-gateway\checkout\checkout_confirm.php:17
Stack trace:
#0 C:\wamp64\www\test-woocomerce-plugin\wp-content\plugins\woocommerce-bill24-payment-gateway\checkout\checkout_confirm.php(198): CheckoutConfirm->updateStatus(false)
#1 {main}
  thrown in C:\wamp64\www\test-woocomerce-plugin\wp-content\plugins\woocommerce-bill24-payment-gateway\checkout\checkout_confirm.php on line 17

2022-04-12T09:01:43+00:00 CRITICAL Uncaught Error: Call to a member function get_items() on bool in C:\wamp64\www\test-woocomerce-plugin\wp-content\plugins\woocommerce-bill24-payment-gateway\checkout\checkout_confirm.php:17
Stack trace:
#0 C:\wamp64\www\test-woocomerce-plugin\wp-content\plugins\woocommerce-bill24-payment-gateway\checkout\checkout_confirm.php(198): CheckoutConfirm->updateStatus(false)
#1 {main}
  thrown in C:\wamp64\www\test-woocomerce-plugin\wp-content\plugins\woocommerce-bill24-payment-gateway\checkout\checkout_confirm.php on line 17

2022-04-12T09:01:45+00:00 CRITICAL Uncaught Error: Call to a member function get_items() on bool in C:\wamp64\www\test-woocomerce-plugin\wp-content\plugins\woocommerce-bill24-payment-gateway\checkout\checkout_confirm.php:17
Stack trace:
#0 C:\wamp64\www\test-woocomerce-plugin\wp-content\plugins\woocommerce-bill24-payment-gateway\checkout\checkout_confirm.php(198): CheckoutConfirm->updateStatus(false)
#1 {main}
  thrown in C:\wamp64\www\test-woocomerce-plugin\wp-content\plugins\woocommerce-bill24-payment-gateway\checkout\checkout_confirm.php on line 17

2022-04-12T09:01:48+00:00 CRITICAL Uncaught Error: Call to a member function get_items() on bool in C:\wamp64\www\test-woocomerce-plugin\wp-content\plugins\woocommerce-bill24-payment-gateway\checkout\checkout_confirm.php:17
Stack trace:
#0 C:\wamp64\www\test-woocomerce-plugin\wp-content\plugins\woocommerce-bill24-payment-gateway\checkout\checkout_confirm.php(198): CheckoutConfirm->updateStatus(false)
#1 {main}
  thrown in C:\wamp64\www\test-woocomerce-plugin\wp-content\plugins\woocommerce-bill24-payment-gateway\checkout\checkout_confirm.php on line 17

2022-04-12T09:01:50+00:00 CRITICAL Uncaught Error: Call to a member function get_items() on bool in C:\wamp64\www\test-woocomerce-plugin\wp-content\plugins\woocommerce-bill24-payment-gateway\checkout\checkout_confirm.php:17
Stack trace:
#0 C:\wamp64\www\test-woocomerce-plugin\wp-content\plugins\woocommerce-bill24-payment-gateway\checkout\checkout_confirm.php(198): CheckoutConfirm->updateStatus(false)
#1 {main}
  thrown in C:\wamp64\www\test-woocomerce-plugin\wp-content\plugins\woocommerce-bill24-payment-gateway\checkout\checkout_confirm.php on line 17

2022-04-12T09:01:53+00:00 CRITICAL Uncaught Error: Call to a member function get_items() on bool in C:\wamp64\www\test-woocomerce-plugin\wp-content\plugins\woocommerce-bill24-payment-gateway\checkout\checkout_confirm.php:17
Stack trace:
#0 C:\wamp64\www\test-woocomerce-plugin\wp-content\plugins\woocommerce-bill24-payment-gateway\checkout\checkout_confirm.php(198): CheckoutConfirm->updateStatus(false)
#1 {main}
  thrown in C:\wamp64\www\test-woocomerce-plugin\wp-content\plugins\woocommerce-bill24-payment-gateway\checkout\checkout_confirm.php on line 17

2022-04-12T09:01:55+00:00 CRITICAL Uncaught Error: Call to a member function get_items() on bool in C:\wamp64\www\test-woocomerce-plugin\wp-content\plugins\woocommerce-bill24-payment-gateway\checkout\checkout_confirm.php:17
Stack trace:
#0 C:\wamp64\www\test-woocomerce-plugin\wp-content\plugins\woocommerce-bill24-payment-gateway\checkout\checkout_confirm.php(198): CheckoutConfirm->updateStatus(false)
#1 {main}
  thrown in C:\wamp64\www\test-woocomerce-plugin\wp-content\plugins\woocommerce-bill24-payment-gateway\checkout\checkout_confirm.php on line 17

2022-04-12T09:01:57+00:00 CRITICAL Uncaught Error: Call to a member function get_items() on bool in C:\wamp64\www\test-woocomerce-plugin\wp-content\plugins\woocommerce-bill24-payment-gateway\checkout\checkout_confirm.php:17
Stack trace:
#0 C:\wamp64\www\test-woocomerce-plugin\wp-content\plugins\woocommerce-bill24-payment-gateway\checkout\checkout_confirm.php(198): CheckoutConfirm->updateStatus(false)
#1 {main}
  thrown in C:\wamp64\www\test-woocomerce-plugin\wp-content\plugins\woocommerce-bill24-payment-gateway\checkout\checkout_confirm.php on line 17

2022-04-12T09:02:00+00:00 CRITICAL Uncaught Error: Call to a member function get_items() on bool in C:\wamp64\www\test-woocomerce-plugin\wp-content\plugins\woocommerce-bill24-payment-gateway\checkout\checkout_confirm.php:17
Stack trace:
#0 C:\wamp64\www\test-woocomerce-plugin\wp-content\plugins\woocommerce-bill24-payment-gateway\checkout\checkout_confirm.php(198): CheckoutConfirm->updateStatus(false)
#1 {main}
  thrown in C:\wamp64\www\test-woocomerce-plugin\wp-content\plugins\woocommerce-bill24-payment-gateway\checkout\checkout_confirm.php on line 17

2022-04-12T09:02:02+00:00 CRITICAL Uncaught Error: Call to a member function get_items() on bool in C:\wamp64\www\test-woocomerce-plugin\wp-content\plugins\woocommerce-bill24-payment-gateway\checkout\checkout_confirm.php:17
Stack trace:
#0 C:\wamp64\www\test-woocomerce-plugin\wp-content\plugins\woocommerce-bill24-payment-gateway\checkout\checkout_confirm.php(198): CheckoutConfirm->updateStatus(false)
#1 {main}
  thrown in C:\wamp64\www\test-woocomerce-plugin\wp-content\plugins\woocommerce-bill24-payment-gateway\checkout\checkout_confirm.php on line 17

2022-04-12T09:02:05+00:00 CRITICAL Uncaught Error: Call to a member function get_items() on bool in C:\wamp64\www\test-woocomerce-plugin\wp-content\plugins\woocommerce-bill24-payment-gateway\checkout\checkout_confirm.php:17
Stack trace:
#0 C:\wamp64\www\test-woocomerce-plugin\wp-content\plugins\woocommerce-bill24-payment-gateway\checkout\checkout_confirm.php(198): CheckoutConfirm->updateStatus(false)
#1 {main}
  thrown in C:\wamp64\www\test-woocomerce-plugin\wp-content\plugins\woocommerce-bill24-payment-gateway\checkout\checkout_confirm.php on line 17

2022-04-12T09:02:07+00:00 CRITICAL Uncaught Error: Call to a member function get_items() on bool in C:\wamp64\www\test-woocomerce-plugin\wp-content\plugins\woocommerce-bill24-payment-gateway\checkout\checkout_confirm.php:17
Stack trace:
#0 C:\wamp64\www\test-woocomerce-plugin\wp-content\plugins\woocommerce-bill24-payment-gateway\checkout\checkout_confirm.php(198): CheckoutConfirm->updateStatus(false)
#1 {main}
  thrown in C:\wamp64\www\test-woocomerce-plugin\wp-content\plugins\woocommerce-bill24-payment-gateway\checkout\checkout_confirm.php on line 17

2022-04-12T09:02:10+00:00 CRITICAL Uncaught Error: Call to a member function get_items() on bool in C:\wamp64\www\test-woocomerce-plugin\wp-content\plugins\woocommerce-bill24-payment-gateway\checkout\checkout_confirm.php:17
Stack trace:
#0 C:\wamp64\www\test-woocomerce-plugin\wp-content\plugins\woocommerce-bill24-payment-gateway\checkout\checkout_confirm.php(198): CheckoutConfirm->updateStatus(false)
#1 {main}
  thrown in C:\wamp64\www\test-woocomerce-plugin\wp-content\plugins\woocommerce-bill24-payment-gateway\checkout\checkout_confirm.php on line 17

2022-04-12T09:02:12+00:00 CRITICAL Uncaught Error: Call to a member function get_items() on bool in C:\wamp64\www\test-woocomerce-plugin\wp-content\plugins\woocommerce-bill24-payment-gateway\checkout\checkout_confirm.php:17
Stack trace:
#0 C:\wamp64\www\test-woocomerce-plugin\wp-content\plugins\woocommerce-bill24-payment-gateway\checkout\checkout_confirm.php(198): CheckoutConfirm->updateStatus(false)
#1 {main}
  thrown in C:\wamp64\www\test-woocomerce-plugin\wp-content\plugins\woocommerce-bill24-payment-gateway\checkout\checkout_confirm.php on line 17

2022-04-12T09:02:15+00:00 CRITICAL Uncaught Error: Call to a member function get_items() on bool in C:\wamp64\www\test-woocomerce-plugin\wp-content\plugins\woocommerce-bill24-payment-gateway\checkout\checkout_confirm.php:17
Stack trace:
#0 C:\wamp64\www\test-woocomerce-plugin\wp-content\plugins\woocommerce-bill24-payment-gateway\checkout\checkout_confirm.php(198): CheckoutConfirm->updateStatus(false)
#1 {main}
  thrown in C:\wamp64\www\test-woocomerce-plugin\wp-content\plugins\woocommerce-bill24-payment-gateway\checkout\checkout_confirm.php on line 17

2022-04-12T09:02:18+00:00 CRITICAL Uncaught Error: Call to a member function get_items() on bool in C:\wamp64\www\test-woocomerce-plugin\wp-content\plugins\woocommerce-bill24-payment-gateway\checkout\checkout_confirm.php:17
Stack trace:
#0 C:\wamp64\www\test-woocomerce-plugin\wp-content\plugins\woocommerce-bill24-payment-gateway\checkout\checkout_confirm.php(198): CheckoutConfirm->updateStatus(false)
#1 {main}
  thrown in C:\wamp64\www\test-woocomerce-plugin\wp-content\plugins\woocommerce-bill24-payment-gateway\checkout\checkout_confirm.php on line 17

2022-04-12T09:02:20+00:00 CRITICAL Uncaught Error: Call to a member function get_items() on bool in C:\wamp64\www\test-woocomerce-plugin\wp-content\plugins\woocommerce-bill24-payment-gateway\checkout\checkout_confirm.php:17
Stack trace:
#0 C:\wamp64\www\test-woocomerce-plugin\wp-content\plugins\woocommerce-bill24-payment-gateway\checkout\checkout_confirm.php(198): CheckoutConfirm->updateStatus(false)
#1 {main}
  thrown in C:\wamp64\www\test-woocomerce-plugin\wp-content\plugins\woocommerce-bill24-payment-gateway\checkout\checkout_confirm.php on line 17

2022-04-12T09:02:22+00:00 CRITICAL Uncaught Error: Call to a member function get_items() on bool in C:\wamp64\www\test-woocomerce-plugin\wp-content\plugins\woocommerce-bill24-payment-gateway\checkout\checkout_confirm.php:17
Stack trace:
#0 C:\wamp64\www\test-woocomerce-plugin\wp-content\plugins\woocommerce-bill24-payment-gateway\checkout\checkout_confirm.php(198): CheckoutConfirm->updateStatus(false)
#1 {main}
  thrown in C:\wamp64\www\test-woocomerce-plugin\wp-content\plugins\woocommerce-bill24-payment-gateway\checkout\checkout_confirm.php on line 17

2022-04-12T09:02:25+00:00 CRITICAL Uncaught Error: Call to a member function get_items() on bool in C:\wamp64\www\test-woocomerce-plugin\wp-content\plugins\woocommerce-bill24-payment-gateway\checkout\checkout_confirm.php:17
Stack trace:
#0 C:\wamp64\www\test-woocomerce-plugin\wp-content\plugins\woocommerce-bill24-payment-gateway\checkout\checkout_confirm.php(198): CheckoutConfirm->updateStatus(false)
#1 {main}
  thrown in C:\wamp64\www\test-woocomerce-plugin\wp-content\plugins\woocommerce-bill24-payment-gateway\checkout\checkout_confirm.php on line 17

2022-04-12T09:02:27+00:00 CRITICAL Uncaught Error: Call to a member function get_items() on bool in C:\wamp64\www\test-woocomerce-plugin\wp-content\plugins\woocommerce-bill24-payment-gateway\checkout\checkout_confirm.php:17
Stack trace:
#0 C:\wamp64\www\test-woocomerce-plugin\wp-content\plugins\woocommerce-bill24-payment-gateway\checkout\checkout_confirm.php(198): CheckoutConfirm->updateStatus(false)
#1 {main}
  thrown in C:\wamp64\www\test-woocomerce-plugin\wp-content\plugins\woocommerce-bill24-payment-gateway\checkout\checkout_confirm.php on line 17

2022-04-12T09:02:30+00:00 CRITICAL Uncaught Error: Call to a member function get_items() on bool in C:\wamp64\www\test-woocomerce-plugin\wp-content\plugins\woocommerce-bill24-payment-gateway\checkout\checkout_confirm.php:17
Stack trace:
#0 C:\wamp64\www\test-woocomerce-plugin\wp-content\plugins\woocommerce-bill24-payment-gateway\checkout\checkout_confirm.php(198): CheckoutConfirm->updateStatus(false)
#1 {main}
  thrown in C:\wamp64\www\test-woocomerce-plugin\wp-content\plugins\woocommerce-bill24-payment-gateway\checkout\checkout_confirm.php on line 17

2022-04-12T09:02:35+00:00 CRITICAL Uncaught Error: Call to a member function get_items() on bool in C:\wamp64\www\test-woocomerce-plugin\wp-content\plugins\woocommerce-bill24-payment-gateway\checkout\checkout_confirm.php:17
Stack trace:
#0 C:\wamp64\www\test-woocomerce-plugin\wp-content\plugins\woocommerce-bill24-payment-gateway\checkout\checkout_confirm.php(198): CheckoutConfirm->updateStatus(false)
#1 {main}
  thrown in C:\wamp64\www\test-woocomerce-plugin\wp-content\plugins\woocommerce-bill24-payment-gateway\checkout\checkout_confirm.php on line 17

2022-04-12T09:02:39+00:00 CRITICAL Uncaught Error: Call to a member function get_items() on bool in C:\wamp64\www\test-woocomerce-plugin\wp-content\plugins\woocommerce-bill24-payment-gateway\checkout\checkout_confirm.php:17
Stack trace:
#0 C:\wamp64\www\test-woocomerce-plugin\wp-content\plugins\woocommerce-bill24-payment-gateway\checkout\checkout_confirm.php(198): CheckoutConfirm->updateStatus(false)
#1 {main}
  thrown in C:\wamp64\www\test-woocomerce-plugin\wp-content\plugins\woocommerce-bill24-payment-gateway\checkout\checkout_confirm.php on line 17

2022-04-12T09:02:42+00:00 CRITICAL Uncaught Error: Call to a member function get_items() on bool in C:\wamp64\www\test-woocomerce-plugin\wp-content\plugins\woocommerce-bill24-payment-gateway\checkout\checkout_confirm.php:17
Stack trace:
#0 C:\wamp64\www\test-woocomerce-plugin\wp-content\plugins\woocommerce-bill24-payment-gateway\checkout\checkout_confirm.php(198): CheckoutConfirm->updateStatus(false)
#1 {main}
  thrown in C:\wamp64\www\test-woocomerce-plugin\wp-content\plugins\woocommerce-bill24-payment-gateway\checkout\checkout_confirm.php on line 17

2022-04-12T09:02:49+00:00 CRITICAL Uncaught Error: Call to a member function get_items() on bool in C:\wamp64\www\test-woocomerce-plugin\wp-content\plugins\woocommerce-bill24-payment-gateway\checkout\checkout_confirm.php:17
Stack trace:
#0 C:\wamp64\www\test-woocomerce-plugin\wp-content\plugins\woocommerce-bill24-payment-gateway\checkout\checkout_confirm.php(198): CheckoutConfirm->updateStatus(false)
#1 {main}
  thrown in C:\wamp64\www\test-woocomerce-plugin\wp-content\plugins\woocommerce-bill24-payment-gateway\checkout\checkout_confirm.php on line 17

2022-04-12T09:02:53+00:00 CRITICAL Uncaught Error: Call to a member function get_items() on bool in C:\wamp64\www\test-woocomerce-plugin\wp-content\plugins\woocommerce-bill24-payment-gateway\checkout\checkout_confirm.php:17
Stack trace:
#0 C:\wamp64\www\test-woocomerce-plugin\wp-content\plugins\woocommerce-bill24-payment-gateway\checkout\checkout_confirm.php(198): CheckoutConfirm->updateStatus(false)
#1 {main}
  thrown in C:\wamp64\www\test-woocomerce-plugin\wp-content\plugins\woocommerce-bill24-payment-gateway\checkout\checkout_confirm.php on line 17

2022-04-12T09:03:05+00:00 CRITICAL Uncaught Error: Call to a member function get_items() on bool in C:\wamp64\www\test-woocomerce-plugin\wp-content\plugins\woocommerce-bill24-payment-gateway\checkout\checkout_confirm.php:17
Stack trace:
#0 C:\wamp64\www\test-woocomerce-plugin\wp-content\plugins\woocommerce-bill24-payment-gateway\checkout\checkout_confirm.php(198): CheckoutConfirm->updateStatus(false)
#1 {main}
  thrown in C:\wamp64\www\test-woocomerce-plugin\wp-content\plugins\woocommerce-bill24-payment-gateway\checkout\checkout_confirm.php on line 17

2022-04-12T09:03:12+00:00 CRITICAL Uncaught Error: Call to a member function get_items() on bool in C:\wamp64\www\test-woocomerce-plugin\wp-content\plugins\woocommerce-bill24-payment-gateway\checkout\checkout_confirm.php:17
Stack trace:
#0 C:\wamp64\www\test-woocomerce-plugin\wp-content\plugins\woocommerce-bill24-payment-gateway\checkout\checkout_confirm.php(198): CheckoutConfirm->updateStatus(false)
#1 {main}
  thrown in C:\wamp64\www\test-woocomerce-plugin\wp-content\plugins\woocommerce-bill24-payment-gateway\checkout\checkout_confirm.php on line 17

2022-04-12T09:03:16+00:00 CRITICAL Uncaught Error: Call to a member function get_items() on bool in C:\wamp64\www\test-woocomerce-plugin\wp-content\plugins\woocommerce-bill24-payment-gateway\checkout\checkout_confirm.php:17
Stack trace:
#0 C:\wamp64\www\test-woocomerce-plugin\wp-content\plugins\woocommerce-bill24-payment-gateway\checkout\checkout_confirm.php(198): CheckoutConfirm->updateStatus(false)
#1 {main}
  thrown in C:\wamp64\www\test-woocomerce-plugin\wp-content\plugins\woocommerce-bill24-payment-gateway\checkout\checkout_confirm.php on line 17

2022-04-12T09:03:19+00:00 CRITICAL Uncaught Error: Call to a member function get_items() on bool in C:\wamp64\www\test-woocomerce-plugin\wp-content\plugins\woocommerce-bill24-payment-gateway\checkout\checkout_confirm.php:17
Stack trace:
#0 C:\wamp64\www\test-woocomerce-plugin\wp-content\plugins\woocommerce-bill24-payment-gateway\checkout\checkout_confirm.php(198): CheckoutConfirm->updateStatus(false)
#1 {main}
  thrown in C:\wamp64\www\test-woocomerce-plugin\wp-content\plugins\woocommerce-bill24-payment-gateway\checkout\checkout_confirm.php on line 17

2022-04-12T09:03:23+00:00 CRITICAL Uncaught Error: Call to a member function get_items() on bool in C:\wamp64\www\test-woocomerce-plugin\wp-content\plugins\woocommerce-bill24-payment-gateway\checkout\checkout_confirm.php:17
Stack trace:
#0 C:\wamp64\www\test-woocomerce-plugin\wp-content\plugins\woocommerce-bill24-payment-gateway\checkout\checkout_confirm.php(198): CheckoutConfirm->updateStatus(false)
#1 {main}
  thrown in C:\wamp64\www\test-woocomerce-plugin\wp-content\plugins\woocommerce-bill24-payment-gateway\checkout\checkout_confirm.php on line 17

2022-04-12T09:03:26+00:00 CRITICAL Uncaught Error: Call to a member function get_items() on bool in C:\wamp64\www\test-woocomerce-plugin\wp-content\plugins\woocommerce-bill24-payment-gateway\checkout\checkout_confirm.php:17
Stack trace:
#0 C:\wamp64\www\test-woocomerce-plugin\wp-content\plugins\woocommerce-bill24-payment-gateway\checkout\checkout_confirm.php(198): CheckoutConfirm->updateStatus(false)
#1 {main}
  thrown in C:\wamp64\www\test-woocomerce-plugin\wp-content\plugins\woocommerce-bill24-payment-gateway\checkout\checkout_confirm.php on line 17

2022-04-12T09:03:29+00:00 CRITICAL Uncaught Error: Call to a member function get_items() on bool in C:\wamp64\www\test-woocomerce-plugin\wp-content\plugins\woocommerce-bill24-payment-gateway\checkout\checkout_confirm.php:17
Stack trace:
#0 C:\wamp64\www\test-woocomerce-plugin\wp-content\plugins\woocommerce-bill24-payment-gateway\checkout\checkout_confirm.php(198): CheckoutConfirm->updateStatus(false)
#1 {main}
  thrown in C:\wamp64\www\test-woocomerce-plugin\wp-content\plugins\woocommerce-bill24-payment-gateway\checkout\checkout_confirm.php on line 17

2022-04-12T09:03:32+00:00 CRITICAL Uncaught Error: Call to a member function get_items() on bool in C:\wamp64\www\test-woocomerce-plugin\wp-content\plugins\woocommerce-bill24-payment-gateway\checkout\checkout_confirm.php:17
Stack trace:
#0 C:\wamp64\www\test-woocomerce-plugin\wp-content\plugins\woocommerce-bill24-payment-gateway\checkout\checkout_confirm.php(198): CheckoutConfirm->updateStatus(false)
#1 {main}
  thrown in C:\wamp64\www\test-woocomerce-plugin\wp-content\plugins\woocommerce-bill24-payment-gateway\checkout\checkout_confirm.php on line 17

2022-04-12T09:03:34+00:00 CRITICAL Uncaught Error: Call to a member function get_items() on bool in C:\wamp64\www\test-woocomerce-plugin\wp-content\plugins\woocommerce-bill24-payment-gateway\checkout\checkout_confirm.php:17
Stack trace:
#0 C:\wamp64\www\test-woocomerce-plugin\wp-content\plugins\woocommerce-bill24-payment-gateway\checkout\checkout_confirm.php(198): CheckoutConfirm->updateStatus(false)
#1 {main}
  thrown in C:\wamp64\www\test-woocomerce-plugin\wp-content\plugins\woocommerce-bill24-payment-gateway\checkout\checkout_confirm.php on line 17

2022-04-12T09:03:37+00:00 CRITICAL Uncaught Error: Call to a member function get_items() on bool in C:\wamp64\www\test-woocomerce-plugin\wp-content\plugins\woocommerce-bill24-payment-gateway\checkout\checkout_confirm.php:17
Stack trace:
#0 C:\wamp64\www\test-woocomerce-plugin\wp-content\plugins\woocommerce-bill24-payment-gateway\checkout\checkout_confirm.php(198): CheckoutConfirm->updateStatus(false)
#1 {main}
  thrown in C:\wamp64\www\test-woocomerce-plugin\wp-content\plugins\woocommerce-bill24-payment-gateway\checkout\checkout_confirm.php on line 17

2022-04-12T09:03:39+00:00 CRITICAL Uncaught Error: Call to a member function get_items() on bool in C:\wamp64\www\test-woocomerce-plugin\wp-content\plugins\woocommerce-bill24-payment-gateway\checkout\checkout_confirm.php:17
Stack trace:
#0 C:\wamp64\www\test-woocomerce-plugin\wp-content\plugins\woocommerce-bill24-payment-gateway\checkout\checkout_confirm.php(198): CheckoutConfirm->updateStatus(false)
#1 {main}
  thrown in C:\wamp64\www\test-woocomerce-plugin\wp-content\plugins\woocommerce-bill24-payment-gateway\checkout\checkout_confirm.php on line 17

2022-04-12T09:03:42+00:00 CRITICAL Uncaught Error: Call to a member function get_items() on bool in C:\wamp64\www\test-woocomerce-plugin\wp-content\plugins\woocommerce-bill24-payment-gateway\checkout\checkout_confirm.php:17
Stack trace:
#0 C:\wamp64\www\test-woocomerce-plugin\wp-content\plugins\woocommerce-bill24-payment-gateway\checkout\checkout_confirm.php(198): CheckoutConfirm->updateStatus(false)
#1 {main}
  thrown in C:\wamp64\www\test-woocomerce-plugin\wp-content\plugins\woocommerce-bill24-payment-gateway\checkout\checkout_confirm.php on line 17

2022-04-12T09:03:44+00:00 CRITICAL Uncaught Error: Call to a member function get_items() on bool in C:\wamp64\www\test-woocomerce-plugin\wp-content\plugins\woocommerce-bill24-payment-gateway\checkout\checkout_confirm.php:17
Stack trace:
#0 C:\wamp64\www\test-woocomerce-plugin\wp-content\plugins\woocommerce-bill24-payment-gateway\checkout\checkout_confirm.php(198): CheckoutConfirm->updateStatus(false)
#1 {main}
  thrown in C:\wamp64\www\test-woocomerce-plugin\wp-content\plugins\woocommerce-bill24-payment-gateway\checkout\checkout_confirm.php on line 17

2022-04-12T09:03:46+00:00 CRITICAL Uncaught Error: Call to a member function get_items() on bool in C:\wamp64\www\test-woocomerce-plugin\wp-content\plugins\woocommerce-bill24-payment-gateway\checkout\checkout_confirm.php:17
Stack trace:
#0 C:\wamp64\www\test-woocomerce-plugin\wp-content\plugins\woocommerce-bill24-payment-gateway\checkout\checkout_confirm.php(198): CheckoutConfirm->updateStatus(false)
#1 {main}
  thrown in C:\wamp64\www\test-woocomerce-plugin\wp-content\plugins\woocommerce-bill24-payment-gateway\checkout\checkout_confirm.php on line 17

2022-04-12T09:03:49+00:00 CRITICAL Uncaught Error: Call to a member function get_items() on bool in C:\wamp64\www\test-woocomerce-plugin\wp-content\plugins\woocommerce-bill24-payment-gateway\checkout\checkout_confirm.php:17
Stack trace:
#0 C:\wamp64\www\test-woocomerce-plugin\wp-content\plugins\woocommerce-bill24-payment-gateway\checkout\checkout_confirm.php(198): CheckoutConfirm->updateStatus(false)
#1 {main}
  thrown in C:\wamp64\www\test-woocomerce-plugin\wp-content\plugins\woocommerce-bill24-payment-gateway\checkout\checkout_confirm.php on line 17

2022-04-12T09:03:51+00:00 CRITICAL Uncaught Error: Call to a member function get_items() on bool in C:\wamp64\www\test-woocomerce-plugin\wp-content\plugins\woocommerce-bill24-payment-gateway\checkout\checkout_confirm.php:17
Stack trace:
#0 C:\wamp64\www\test-woocomerce-plugin\wp-content\plugins\woocommerce-bill24-payment-gateway\checkout\checkout_confirm.php(198): CheckoutConfirm->updateStatus(false)
#1 {main}
  thrown in C:\wamp64\www\test-woocomerce-plugin\wp-content\plugins\woocommerce-bill24-payment-gateway\checkout\checkout_confirm.php on line 17

2022-04-12T09:03:53+00:00 CRITICAL Uncaught Error: Call to a member function get_items() on bool in C:\wamp64\www\test-woocomerce-plugin\wp-content\plugins\woocommerce-bill24-payment-gateway\checkout\checkout_confirm.php:17
Stack trace:
#0 C:\wamp64\www\test-woocomerce-plugin\wp-content\plugins\woocommerce-bill24-payment-gateway\checkout\checkout_confirm.php(198): CheckoutConfirm->updateStatus(false)
#1 {main}
  thrown in C:\wamp64\www\test-woocomerce-plugin\wp-content\plugins\woocommerce-bill24-payment-gateway\checkout\checkout_confirm.php on line 17

2022-04-12T09:03:55+00:00 CRITICAL Uncaught Error: Call to a member function get_items() on bool in C:\wamp64\www\test-woocomerce-plugin\wp-content\plugins\woocommerce-bill24-payment-gateway\checkout\checkout_confirm.php:17
Stack trace:
#0 C:\wamp64\www\test-woocomerce-plugin\wp-content\plugins\woocommerce-bill24-payment-gateway\checkout\checkout_confirm.php(198): CheckoutConfirm->updateStatus(false)
#1 {main}
  thrown in C:\wamp64\www\test-woocomerce-plugin\wp-content\plugins\woocommerce-bill24-payment-gateway\checkout\checkout_confirm.php on line 17

2022-04-12T09:03:58+00:00 CRITICAL Uncaught Error: Call to a member function get_items() on bool in C:\wamp64\www\test-woocomerce-plugin\wp-content\plugins\woocommerce-bill24-payment-gateway\checkout\checkout_confirm.php:17
Stack trace:
#0 C:\wamp64\www\test-woocomerce-plugin\wp-content\plugins\woocommerce-bill24-payment-gateway\checkout\checkout_confirm.php(198): CheckoutConfirm->updateStatus(false)
#1 {main}
  thrown in C:\wamp64\www\test-woocomerce-plugin\wp-content\plugins\woocommerce-bill24-payment-gateway\checkout\checkout_confirm.php on line 17

2022-04-12T09:04:00+00:00 CRITICAL Uncaught Error: Call to a member function get_items() on bool in C:\wamp64\www\test-woocomerce-plugin\wp-content\plugins\woocommerce-bill24-payment-gateway\checkout\checkout_confirm.php:17
Stack trace:
#0 C:\wamp64\www\test-woocomerce-plugin\wp-content\plugins\woocommerce-bill24-payment-gateway\checkout\checkout_confirm.php(198): CheckoutConfirm->updateStatus(false)
#1 {main}
  thrown in C:\wamp64\www\test-woocomerce-plugin\wp-content\plugins\woocommerce-bill24-payment-gateway\checkout\checkout_confirm.php on line 17

2022-04-12T09:04:04+00:00 CRITICAL Uncaught Error: Call to a member function get_items() on bool in C:\wamp64\www\test-woocomerce-plugin\wp-content\plugins\woocommerce-bill24-payment-gateway\checkout\checkout_confirm.php:17
Stack trace:
#0 C:\wamp64\www\test-woocomerce-plugin\wp-content\plugins\woocommerce-bill24-payment-gateway\checkout\checkout_confirm.php(198): CheckoutConfirm->updateStatus(false)
#1 {main}
  thrown in C:\wamp64\www\test-woocomerce-plugin\wp-content\plugins\woocommerce-bill24-payment-gateway\checkout\checkout_confirm.php on line 17

2022-04-12T09:04:06+00:00 CRITICAL Maximum execution time of 120 seconds exceeded in C:\wamp64\www\test-woocomerce-plugin\wp-includes\Requests\Transport\cURL.php on line 165

2022-04-12T09:04:07+00:00 CRITICAL Maximum execution time of 120 seconds exceeded in C:\wamp64\www\test-woocomerce-plugin\wp-includes\Requests\Transport\cURL.php on line 165

2022-04-12T09:04:10+00:00 CRITICAL Maximum execution time of 120 seconds exceeded in C:\wamp64\www\test-woocomerce-plugin\wp-content\plugins\woocommerce-bill24-payment-gateway\checkout\checkout_confirm.php on line 173

2022-04-12T09:04:15+00:00 CRITICAL Maximum execution time of 120 seconds exceeded in C:\wamp64\www\test-woocomerce-plugin\wp-content\plugins\woocommerce-bill24-payment-gateway\checkout\checkout_confirm.php on line 173

2022-04-12T09:04:21+00:00 CRITICAL Maximum execution time of 120 seconds exceeded in C:\wamp64\www\test-woocomerce-plugin\wp-content\plugins\woocommerce-bill24-payment-gateway\checkout\checkout_confirm.php on line 173

2022-04-12T09:04:23+00:00 CRITICAL Maximum execution time of 120 seconds exceeded in C:\wamp64\www\test-woocomerce-plugin\wp-content\plugins\woocommerce-bill24-payment-gateway\checkout\checkout_confirm.php on line 173

2022-04-12T09:04:25+00:00 CRITICAL Maximum execution time of 120 seconds exceeded in C:\wamp64\www\test-woocomerce-plugin\wp-content\plugins\woocommerce-bill24-payment-gateway\checkout\checkout_confirm.php on line 173

2022-04-12T09:04:29+00:00 CRITICAL Maximum execution time of 120 seconds exceeded in C:\wamp64\www\test-woocomerce-plugin\wp-content\plugins\woocommerce-bill24-payment-gateway\checkout\checkout_confirm.php on line 173

2022-04-12T09:04:30+00:00 CRITICAL Maximum execution time of 120 seconds exceeded in C:\wamp64\www\test-woocomerce-plugin\wp-includes\Requests\Transport\cURL.php on line 165

2022-04-12T09:04:33+00:00 CRITICAL Uncaught Error: Call to a member function get_items() on bool in C:\wamp64\www\test-woocomerce-plugin\wp-content\plugins\woocommerce-bill24-payment-gateway\checkout\checkout_confirm.php:17
Stack trace:
#0 C:\wamp64\www\test-woocomerce-plugin\wp-content\plugins\woocommerce-bill24-payment-gateway\checkout\checkout_confirm.php(198): CheckoutConfirm->updateStatus(false)
#1 {main}
  thrown in C:\wamp64\www\test-woocomerce-plugin\wp-content\plugins\woocommerce-bill24-payment-gateway\checkout\checkout_confirm.php on line 17

2022-04-12T09:04:38+00:00 CRITICAL Uncaught Error: Call to a member function get_items() on bool in C:\wamp64\www\test-woocomerce-plugin\wp-content\plugins\woocommerce-bill24-payment-gateway\checkout\checkout_confirm.php:17
Stack trace:
#0 C:\wamp64\www\test-woocomerce-plugin\wp-content\plugins\woocommerce-bill24-payment-gateway\checkout\checkout_confirm.php(198): CheckoutConfirm->updateStatus(false)
#1 {main}
  thrown in C:\wamp64\www\test-woocomerce-plugin\wp-content\plugins\woocommerce-bill24-payment-gateway\checkout\checkout_confirm.php on line 17

2022-04-12T09:04:41+00:00 CRITICAL Uncaught Error: Call to a member function get_items() on bool in C:\wamp64\www\test-woocomerce-plugin\wp-content\plugins\woocommerce-bill24-payment-gateway\checkout\checkout_confirm.php:17
Stack trace:
#0 C:\wamp64\www\test-woocomerce-plugin\wp-content\plugins\woocommerce-bill24-payment-gateway\checkout\checkout_confirm.php(198): CheckoutConfirm->updateStatus(false)
#1 {main}
  thrown in C:\wamp64\www\test-woocomerce-plugin\wp-content\plugins\woocommerce-bill24-payment-gateway\checkout\checkout_confirm.php on line 17

2022-04-12T09:04:45+00:00 CRITICAL Uncaught Error: Call to a member function get_items() on bool in C:\wamp64\www\test-woocomerce-plugin\wp-content\plugins\woocommerce-bill24-payment-gateway\checkout\checkout_confirm.php:17
Stack trace:
#0 C:\wamp64\www\test-woocomerce-plugin\wp-content\plugins\woocommerce-bill24-payment-gateway\checkout\checkout_confirm.php(198): CheckoutConfirm->updateStatus(false)
#1 {main}
  thrown in C:\wamp64\www\test-woocomerce-plugin\wp-content\plugins\woocommerce-bill24-payment-gateway\checkout\checkout_confirm.php on line 17

2022-04-12T09:04:49+00:00 CRITICAL Uncaught Error: Call to a member function get_items() on bool in C:\wamp64\www\test-woocomerce-plugin\wp-content\plugins\woocommerce-bill24-payment-gateway\checkout\checkout_confirm.php:17
Stack trace:
#0 C:\wamp64\www\test-woocomerce-plugin\wp-content\plugins\woocommerce-bill24-payment-gateway\checkout\checkout_confirm.php(198): CheckoutConfirm->updateStatus(false)
#1 {main}
  thrown in C:\wamp64\www\test-woocomerce-plugin\wp-content\plugins\woocommerce-bill24-payment-gateway\checkout\checkout_confirm.php on line 17

2022-04-12T09:04:53+00:00 CRITICAL Uncaught Error: Call to a member function get_items() on bool in C:\wamp64\www\test-woocomerce-plugin\wp-content\plugins\woocommerce-bill24-payment-gateway\checkout\checkout_confirm.php:17
Stack trace:
#0 C:\wamp64\www\test-woocomerce-plugin\wp-content\plugins\woocommerce-bill24-payment-gateway\checkout\checkout_confirm.php(198): CheckoutConfirm->updateStatus(false)
#1 {main}
  thrown in C:\wamp64\www\test-woocomerce-plugin\wp-content\plugins\woocommerce-bill24-payment-gateway\checkout\checkout_confirm.php on line 17

2022-04-12T09:04:57+00:00 CRITICAL Uncaught Error: Call to a member function get_items() on bool in C:\wamp64\www\test-woocomerce-plugin\wp-content\plugins\woocommerce-bill24-payment-gateway\checkout\checkout_confirm.php:17
Stack trace:
#0 C:\wamp64\www\test-woocomerce-plugin\wp-content\plugins\woocommerce-bill24-payment-gateway\checkout\checkout_confirm.php(198): CheckoutConfirm->updateStatus(false)
#1 {main}
  thrown in C:\wamp64\www\test-woocomerce-plugin\wp-content\plugins\woocommerce-bill24-payment-gateway\checkout\checkout_confirm.php on line 17

2022-04-12T09:05:01+00:00 CRITICAL Uncaught Error: Call to a member function get_items() on bool in C:\wamp64\www\test-woocomerce-plugin\wp-content\plugins\woocommerce-bill24-payment-gateway\checkout\checkout_confirm.php:17
Stack trace:
#0 C:\wamp64\www\test-woocomerce-plugin\wp-content\plugins\woocommerce-bill24-payment-gateway\checkout\checkout_confirm.php(198): CheckoutConfirm->updateStatus(false)
#1 {main}
  thrown in C:\wamp64\www\test-woocomerce-plugin\wp-content\plugins\woocommerce-bill24-payment-gateway\checkout\checkout_confirm.php on line 17

2022-04-12T09:05:05+00:00 CRITICAL Uncaught Error: Call to a member function get_items() on bool in C:\wamp64\www\test-woocomerce-plugin\wp-content\plugins\woocommerce-bill24-payment-gateway\checkout\checkout_confirm.php:17
Stack trace:
#0 C:\wamp64\www\test-woocomerce-plugin\wp-content\plugins\woocommerce-bill24-payment-gateway\checkout\checkout_confirm.php(198): CheckoutConfirm->updateStatus(false)
#1 {main}
  thrown in C:\wamp64\www\test-woocomerce-plugin\wp-content\plugins\woocommerce-bill24-payment-gateway\checkout\checkout_confirm.php on line 17

2022-04-12T09:05:09+00:00 CRITICAL Uncaught Error: Call to a member function get_items() on bool in C:\wamp64\www\test-woocomerce-plugin\wp-content\plugins\woocommerce-bill24-payment-gateway\checkout\checkout_confirm.php:17
Stack trace:
#0 C:\wamp64\www\test-woocomerce-plugin\wp-content\plugins\woocommerce-bill24-payment-gateway\checkout\checkout_confirm.php(198): CheckoutConfirm->updateStatus(false)
#1 {main}
  thrown in C:\wamp64\www\test-woocomerce-plugin\wp-content\plugins\woocommerce-bill24-payment-gateway\checkout\checkout_confirm.php on line 17

2022-04-12T09:05:13+00:00 CRITICAL Uncaught Error: Call to a member function get_items() on bool in C:\wamp64\www\test-woocomerce-plugin\wp-content\plugins\woocommerce-bill24-payment-gateway\checkout\checkout_confirm.php:17
Stack trace:
#0 C:\wamp64\www\test-woocomerce-plugin\wp-content\plugins\woocommerce-bill24-payment-gateway\checkout\checkout_confirm.php(198): CheckoutConfirm->updateStatus(false)
#1 {main}
  thrown in C:\wamp64\www\test-woocomerce-plugin\wp-content\plugins\woocommerce-bill24-payment-gateway\checkout\checkout_confirm.php on line 17

2022-04-12T09:05:17+00:00 CRITICAL Uncaught Error: Call to a member function get_items() on bool in C:\wamp64\www\test-woocomerce-plugin\wp-content\plugins\woocommerce-bill24-payment-gateway\checkout\checkout_confirm.php:17
Stack trace:
#0 C:\wamp64\www\test-woocomerce-plugin\wp-content\plugins\woocommerce-bill24-payment-gateway\checkout\checkout_confirm.php(198): CheckoutConfirm->updateStatus(false)
#1 {main}
  thrown in C:\wamp64\www\test-woocomerce-plugin\wp-content\plugins\woocommerce-bill24-payment-gateway\checkout\checkout_confirm.php on line 17

2022-04-12T09:05:21+00:00 CRITICAL Uncaught Error: Call to a member function get_items() on bool in C:\wamp64\www\test-woocomerce-plugin\wp-content\plugins\woocommerce-bill24-payment-gateway\checkout\checkout_confirm.php:17
Stack trace:
#0 C:\wamp64\www\test-woocomerce-plugin\wp-content\plugins\woocommerce-bill24-payment-gateway\checkout\checkout_confirm.php(198): CheckoutConfirm->updateStatus(false)
#1 {main}
  thrown in C:\wamp64\www\test-woocomerce-plugin\wp-content\plugins\woocommerce-bill24-payment-gateway\checkout\checkout_confirm.php on line 17

2022-04-12T09:05:25+00:00 CRITICAL Uncaught Error: Call to a member function get_items() on bool in C:\wamp64\www\test-woocomerce-plugin\wp-content\plugins\woocommerce-bill24-payment-gateway\checkout\checkout_confirm.php:17
Stack trace:
#0 C:\wamp64\www\test-woocomerce-plugin\wp-content\plugins\woocommerce-bill24-payment-gateway\checkout\checkout_confirm.php(198): CheckoutConfirm->updateStatus(false)
#1 {main}
  thrown in C:\wamp64\www\test-woocomerce-plugin\wp-content\plugins\woocommerce-bill24-payment-gateway\checkout\checkout_confirm.php on line 17

2022-04-12T09:05:30+00:00 CRITICAL Uncaught Error: Call to a member function get_items() on bool in C:\wamp64\www\test-woocomerce-plugin\wp-content\plugins\woocommerce-bill24-payment-gateway\checkout\checkout_confirm.php:17
Stack trace:
#0 C:\wamp64\www\test-woocomerce-plugin\wp-content\plugins\woocommerce-bill24-payment-gateway\checkout\checkout_confirm.php(198): CheckoutConfirm->updateStatus(false)
#1 {main}
  thrown in C:\wamp64\www\test-woocomerce-plugin\wp-content\plugins\woocommerce-bill24-payment-gateway\checkout\checkout_confirm.php on line 17

2022-04-12T09:05:34+00:00 CRITICAL Uncaught Error: Call to a member function get_items() on bool in C:\wamp64\www\test-woocomerce-plugin\wp-content\plugins\woocommerce-bill24-payment-gateway\checkout\checkout_confirm.php:17
Stack trace:
#0 C:\wamp64\www\test-woocomerce-plugin\wp-content\plugins\woocommerce-bill24-payment-gateway\checkout\checkout_confirm.php(198): CheckoutConfirm->updateStatus(false)
#1 {main}
  thrown in C:\wamp64\www\test-woocomerce-plugin\wp-content\plugins\woocommerce-bill24-payment-gateway\checkout\checkout_confirm.php on line 17

2022-04-12T09:05:37+00:00 CRITICAL Uncaught Error: Call to a member function get_items() on bool in C:\wamp64\www\test-woocomerce-plugin\wp-content\plugins\woocommerce-bill24-payment-gateway\checkout\checkout_confirm.php:17
Stack trace:
#0 C:\wamp64\www\test-woocomerce-plugin\wp-content\plugins\woocommerce-bill24-payment-gateway\checkout\checkout_confirm.php(198): CheckoutConfirm->updateStatus(false)
#1 {main}
  thrown in C:\wamp64\www\test-woocomerce-plugin\wp-content\plugins\woocommerce-bill24-payment-gateway\checkout\checkout_confirm.php on line 17

2022-04-12T09:05:41+00:00 CRITICAL Uncaught Error: Call to a member function get_items() on bool in C:\wamp64\www\test-woocomerce-plugin\wp-content\plugins\woocommerce-bill24-payment-gateway\checkout\checkout_confirm.php:17
Stack trace:
#0 C:\wamp64\www\test-woocomerce-plugin\wp-content\plugins\woocommerce-bill24-payment-gateway\checkout\checkout_confirm.php(198): CheckoutConfirm->updateStatus(false)
#1 {main}
  thrown in C:\wamp64\www\test-woocomerce-plugin\wp-content\plugins\woocommerce-bill24-payment-gateway\checkout\checkout_confirm.php on line 17

